Using pre-set license
Built from '2022.3/staging' branch; Version is '2022.3.3f1 (7cdc2969a641) revision 8182825'; Using compiler version '192829333'; Build Type 'Release'
OS: 'Windows 10  (10.0.19044) 64bit Professional' Language: 'ru' Physical Memory: 7561 MB
BatchMode: 1, IsHumanControllingUs: 0, StartBugReporterOnCrash: 0, Is64bit: 1, IsPro: 1

COMMAND LINE ARGUMENTS:
D:\games\Unity\Unity Files (Dont Touch)\2021.3.9f1\2022.3.3f1\Editor\Unity.exe
-adb2
-batchMode
-noUpm
-name
AssetImportWorker2
-projectPath
D:/games/DemoLeoFSM/DemoLeoFSM
-logFile
Logs/AssetImportWorker2.log
-srvPort
57907
Successfully changed project path to: D:/games/DemoLeoFSM/DemoLeoFSM
D:/games/DemoLeoFSM/DemoLeoFSM
[UnityMemory] Configuration Parameters - Can be set up in boot.config
    "memorysetup-bucket-allocator-granularity=16"
    "memorysetup-bucket-allocator-bucket-count=8"
    "memorysetup-bucket-allocator-block-size=33554432"
    "memorysetup-bucket-allocator-block-count=8"
    "memorysetup-main-allocator-block-size=16777216"
    "memorysetup-thread-allocator-block-size=16777216"
    "memorysetup-gfx-main-allocator-block-size=16777216"
    "memorysetup-gfx-thread-allocator-block-size=16777216"
    "memorysetup-cache-allocator-block-size=4194304"
    "memorysetup-typetree-allocator-block-size=2097152"
    "memorysetup-profiler-bucket-allocator-granularity=16"
    "memorysetup-profiler-bucket-allocator-bucket-count=8"
    "memorysetup-profiler-bucket-allocator-block-size=33554432"
    "memorysetup-profiler-bucket-allocator-block-count=8"
    "memorysetup-profiler-allocator-block-size=16777216"
    "memorysetup-profiler-editor-allocator-block-size=1048576"
    "memorysetup-temp-allocator-size-main=16777216"
    "memorysetup-job-temp-allocator-block-size=2097152"
    "memorysetup-job-temp-allocator-block-size-background=1048576"
    "memorysetup-job-temp-allocator-reduction-small-platforms=262144"
    "memorysetup-allocator-temp-initial-block-size-main=262144"
    "memorysetup-allocator-temp-initial-block-size-worker=262144"
    "memorysetup-temp-allocator-size-background-worker=32768"
    "memorysetup-temp-allocator-size-job-worker=262144"
    "memorysetup-temp-allocator-size-preload-manager=33554432"
    "memorysetup-temp-allocator-size-nav-mesh-worker=65536"
    "memorysetup-temp-allocator-size-audio-worker=65536"
    "memorysetup-temp-allocator-size-cloud-worker=32768"
    "memorysetup-temp-allocator-size-gi-baking-worker=262144"
    "memorysetup-temp-allocator-size-gfx=262144"
Player connection [14544] Host "[IP] 192.168.162.120 [Port] 0 [Flags] 2 [Guid] 2395195681 [EditorId] 2395195681 [Version] 1048832 [Id] WindowsEditor(7,DESKTOP-J7U7MAN) [Debug] 1 [PackageName] WindowsEditor [ProjectName] Editor" joined multi-casting on [225.0.0.222:54997]...

Player connection [14544] Host "[IP] 192.168.162.120 [Port] 0 [Flags] 2 [Guid] 2395195681 [EditorId] 2395195681 [Version] 1048832 [Id] WindowsEditor(7,DESKTOP-J7U7MAN) [Debug] 1 [PackageName] WindowsEditor [ProjectName] Editor" joined alternative multi-casting on [225.0.0.222:34997]...

Refreshing native plugins compatible for Editor in 47.51 ms, found 4 plugins.
Preloading 0 native plugins for Editor in 0.00 ms.
Initialize engine version: 2022.3.3f1 (7cdc2969a641)
[Subsystems] Discovering subsystems at path D:/games/Unity/Unity Files (Dont Touch)/2021.3.9f1/2022.3.3f1/Editor/Data/Resources/UnitySubsystems
[Subsystems] Discovering subsystems at path D:/games/DemoLeoFSM/DemoLeoFSM/Assets
GfxDevice: creating device client; threaded=0; jobified=0
Direct3D:
    Version:  Direct3D 11.0 [level 11.1]
    Renderer: AMD Radeon (TM) Graphics (ID=0x15e7)
    Vendor:   ATI
    VRAM:     3780 MB
    Driver:   31.0.12018.5
Initialize mono
Mono path[0] = 'D:/games/Unity/Unity Files (Dont Touch)/2021.3.9f1/2022.3.3f1/Editor/Data/Managed'
Mono path[1] = 'D:/games/Unity/Unity Files (Dont Touch)/2021.3.9f1/2022.3.3f1/Editor/Data/MonoBleedingEdge/lib/mono/unityjit-win32'
Mono config path = 'D:/games/Unity/Unity Files (Dont Touch)/2021.3.9f1/2022.3.3f1/Editor/Data/MonoBleedingEdge/etc'
Using monoOptions --debugger-agent=transport=dt_socket,embedding=1,server=y,suspend=n,address=127.0.0.1:56096
Begin MonoManager ReloadAssembly
Registering precompiled unity dll's ...
Register platform support module: D:/games/Unity/Unity Files (Dont Touch)/2021.3.9f1/2022.3.3f1/Editor/Data/PlaybackEngines/AndroidPlayer/UnityEditor.Android.Extensions.dll
Register platform support module: D:/games/Unity/Unity Files (Dont Touch)/2021.3.9f1/2022.3.3f1/Editor/Data/PlaybackEngines/iOSSupport/UnityEditor.iOS.Extensions.dll
Register platform support module: D:/games/Unity/Unity Files (Dont Touch)/2021.3.9f1/2022.3.3f1/Editor/Data/PlaybackEngines/WindowsStandaloneSupport/UnityEditor.WindowsStandalone.Extensions.dll
Registered in 0.011625 seconds.
- Loaded All Assemblies, in  0.531 seconds
Native extension for WindowsStandalone target not found
[usbmuxd] Start listen thread
[usbmuxd] Listen thread started
Native extension for iOS target not found
Native extension for Android target not found
Android Extension - Scanning For ADB Devices 478 ms
Mono: successfully reloaded assembly
- Finished resetting the current domain, in  0.848 seconds
Domain Reload Profiling: 1378ms
	BeginReloadAssembly (166ms)
		ExecutionOrderSort (0ms)
		DisableScriptedObjects (0ms)
		BackupInstance (0ms)
		ReleaseScriptingObjects (0ms)
		CreateAndSetChildDomain (2ms)
	RebuildCommonClasses (45ms)
	RebuildNativeTypeToScriptingClass (14ms)
	initialDomainReloadingComplete (79ms)
	LoadAllAssembliesAndSetupDomain (226ms)
		LoadAssemblies (162ms)
		RebuildTransferFunctionScriptingTraits (0ms)
		AnalyzeDomain (222ms)
			TypeCache.Refresh (219ms)
				TypeCache.ScanAssembly (199ms)
			ScanForSourceGeneratedMonoScriptInfo (1ms)
			ResolveRequiredComponents (2ms)
	FinalizeReload (848ms)
		ReleaseScriptCaches (0ms)
		RebuildScriptCaches (0ms)
		SetupLoadedEditorAssemblies (777ms)
			LogAssemblyErrors (0ms)
			InitializePlatformSupportModulesInManaged (641ms)
			SetLoadedEditorAssemblies (3ms)
			RefreshPlugins (0ms)
			BeforeProcessingInitializeOnLoad (2ms)
			ProcessInitializeOnLoadAttributes (88ms)
			ProcessInitializeOnLoadMethodAttributes (42ms)
			AfterProcessingInitializeOnLoad (0ms)
			EditorAssembliesLoaded (0ms)
		ExecutionOrderSort2 (0ms)
		AwakeInstancesAfterBackupRestoration (0ms)
========================================================================
Worker process is ready to serve import requests
Begin MonoManager ReloadAssembly
Symbol file LoadedFromMemory doesn't match image D:\games\DemoLeoFSM\DemoLeoFSM\Library\PackageCache\com.unity.visualscripting@1.8.0\Editor\VisualScripting.Core\Dependencies\YamlDotNet\Unity.VisualScripting.YamlDotNet.dll
Symbol file LoadedFromMemory doesn't match image D:\games\DemoLeoFSM\DemoLeoFSM\Library\PackageCache\com.unity.visualscripting@1.8.0\Editor\VisualScripting.Core\Dependencies\DotNetZip\Unity.VisualScripting.IonicZip.dll
- Loaded All Assemblies, in  1.251 seconds
Refreshing native plugins compatible for Editor in 5.04 ms, found 4 plugins.
Native extension for WindowsStandalone target not found
Native extension for iOS target not found
Native extension for Android target not found
Package Manager log level set to [2]
[Package Manager] Server::EnsureServerProcessIsRunning -- launch failed, reason: Unity was launched with the -noUpm command-line argument
[Package Manager] UpmClient::Send -- Unable to send message (not connected to UPM process).
[Package Manager] Cannot connect to Unity Package Manager local server
Mono: successfully reloaded assembly
- Finished resetting the current domain, in  0.919 seconds
Domain Reload Profiling: 2171ms
	BeginReloadAssembly (146ms)
		ExecutionOrderSort (0ms)
		DisableScriptedObjects (6ms)
		BackupInstance (0ms)
		ReleaseScriptingObjects (0ms)
		CreateAndSetChildDomain (27ms)
	RebuildCommonClasses (28ms)
	RebuildNativeTypeToScriptingClass (9ms)
	initialDomainReloadingComplete (36ms)
	LoadAllAssembliesAndSetupDomain (1032ms)
		LoadAssemblies (521ms)
		RebuildTransferFunctionScriptingTraits (0ms)
		AnalyzeDomain (584ms)
			TypeCache.Refresh (521ms)
				TypeCache.ScanAssembly (489ms)
			ScanForSourceGeneratedMonoScriptInfo (45ms)
			ResolveRequiredComponents (19ms)
	FinalizeReload (920ms)
		ReleaseScriptCaches (0ms)
		RebuildScriptCaches (0ms)
		SetupLoadedEditorAssemblies (669ms)
			LogAssemblyErrors (0ms)
			InitializePlatformSupportModulesInManaged (37ms)
			SetLoadedEditorAssemblies (8ms)
			RefreshPlugins (0ms)
			BeforeProcessingInitializeOnLoad (103ms)
			ProcessInitializeOnLoadAttributes (434ms)
			ProcessInitializeOnLoadMethodAttributes (85ms)
			AfterProcessingInitializeOnLoad (3ms)
			EditorAssembliesLoaded (0ms)
		ExecutionOrderSort2 (0ms)
		AwakeInstancesAfterBackupRestoration (6ms)
Launched and connected shader compiler UnityShaderCompiler.exe after 0.06 seconds
Refreshing native plugins compatible for Editor in 3.37 ms, found 4 plugins.
Preloading 0 native plugins for Editor in 0.00 ms.
Unloading 7615 Unused Serialized files (Serialized files now loaded: 0)
Unloading 128 unused Assets / (0.6 MB). Loaded Objects now: 8154.
Memory consumption went from 276.3 MB to 275.7 MB.
Total: 8.276800 ms (FindLiveObjects: 1.327400 ms CreateObjectMapping: 0.747000 ms MarkObjects: 5.683600 ms  DeleteObjects: 0.516900 ms)

AssetImportParameters requested are different than current active one (requested -> active):
  custom:scripting/monoscript/fileName/OneFrameEx.cs: 50b7e5bcef28d270105fbbe144dc1d4f -> 
  custom:scripting/monoscript/fileName/MovementDirectionMonoProvider.cs: 1cce9bcf27cf6184c2e4b971122ce11d -> 
  custom:container-demuxer-ogg: 62fdf1f143b41e24485cea50d1cbac27 -> 
  custom:scripting/monoscript/fileName/CoolDownAttackConverter.cs: 03c6a841b45fd09c6f686ff7d7d72c72 -> 5c696245091e1e15e68f432da03f68e0
  custom:scripting/monoscript/fileName/JumpGravityConverter.cs: 61c5e50f155d000175072a979b95321d -> 670240ede5740fa857d764370582470c
  custom:scripting/monoscript/fileName/EcsWorldEx.cs: c5ef479b6cf8de0d78a5e957c40d3b0e -> 
  custom:scripting/monoscript/fileName/ConverterComponent.cs: d5cacce3831ff821a143ae1745edd25b -> 90647cc400823b41df847a6cbfc29026
  custom:scripting/monoscript/fileName/ConversionUtils.cs: 542a77d8e8be1ab7d9bdf5ae14568ef6 -> 
  custom:framework-win-MediaFoundation: 216162199b28c13a410421893ffa2e32 -> 
  custom:scripting/monoscript/fileName/WeaponHolderConverter.cs: 139d8a25299799abdcbc907d949a53b0 -> 7305efeae3e6716f9e9aa4aa28b953e6
  custom:scripting/monoscript/fileName/JumpMaxVelocityConverter.cs: 026c8562e764100bcb83bfd31d04a2b9 -> 2f0e978785644be823d1c2d3bc0bbd82
  custom:scripting/monoscript/fileName/JumpVelocityMonoProvider.cs: c5fd9c44b01b9e3b2d3934c5c6cea2b4 -> 
  custom:scripting/monoscript/fileName/Globals.cs: 18acc3422c13045748bacd3c8d64f769 -> 
  custom:scripting/monoscript/fileName/WeaponHolderMonoProvider.cs: 30178aa01b091557ad932f83e148ab01 -> 
  custom:scripting/monoscript/fileName/UnityObjectProvider.cs: e9b1404f24b274108f1f74154b28e30b -> 
  custom:scripting/monoscript/fileName/OneFrameSystem.cs: 90647cc400823b41df847a6cbfc29026 -> 
  custom:scripting/monoscript/fileName/LeoEcsLiteInjector.cs: 8cc0d0c894a3cd857e4e4e96cb7ac2b7 -> 
  custom:container-muxer-webm: aa71ff27fc2769a1b78a27578f13a17b -> 
  custom:scripting/monoscript/fileName/DamageMonoProvider.cs: 23d0253f8f7a8a9025556f460993e9e5 -> 
  custom:scripting/monoscript/fileName/GroundedMonoProvider.cs: dcb8175a2a90c719ecb75beaac2cce90 -> 
  custom:scripting/monoscript/fileName/ComponentProvider.cs: 90647cc400823b41df847a6cbfc29026 -> 
  custom:video-decoder-webm-vp8: 9c59270c3fd7afecdb556c50c9e8de78 -> 
  custom:AudioImporter_EditorPlatform: d09bf68614088b80899f8185d706f6e7 -> 
  custom:scripting/monoscript/fileName/HitBufferConverter.cs: d3bdaad375a03e7cb8ed1d6e4e1d2a6a -> 21a05fc6bbdb9ef6232cf48039a78c42
  custom:scripting/monoscript/fileName/MovementSpeedConverter.cs: 0c8dba0e0c20b21f9bd3ceb8c340cb69 -> aced34227edadbfc451b1fbb67b5be9c
  custom:scripting/monoscript/fileName/MovementDirectionConverter.cs: c18892c2607e827d4c1effe54585bc44 -> 4d915d5e3e04ae4af01abf59c15bc771
  custom:scripting/monoscript/fileName/ConvertComponent.cs: 90647cc400823b41df847a6cbfc29026 -> 
  custom:scripting/monoscript/fileName/JumpVelocityConverter.cs: 047048482e554c08323cd973b4b43440 -> 6bbbc2fa2084841deced876c73ab3aad
  custom:audio-decoder-ogg-vorbis: bf7c407c2cedff20999df2af8eb42d56 -> 
  custom:scripting/monoscript/fileName/EcsTransformUtils.cs: a53780c98a0b1ecc4bb928f91e88c6ec -> 
  custom:scripting/monoscript/fileName/DamageAnalyzeMarkerConverter.cs: 36e8caeda6438c269f1c89d93e951fb3 -> 63377fcc600e262fe0132b35d9bf3dd4
  custom:scripting/monoscript/fileName/MovementSpeedMonoProvider.cs: aa7b608f7117b33676ee221629a96d6a -> 
  custom:scripting/monoscript/fileName/TransformComponentMonoProvider.cs: fdf1f5293692825d5728e812a10b2215 -> 
  custom:scripting/monoscript/fileName/GroundPointMarkerConverter.cs: 253a5237786d1370f64970ff050c1c05 -> c5ea7f8efc4a34e907ae5b15ca91cd4d
  custom:scripting/monoscript/fileName/EcsFeature.cs: 0a466c8bf8ede1e5c0d7c7fa12984d9a -> 
  custom:audio-encoder-webm-vorbis: bf7c407c2cedff20999df2af8eb42d56 -> 
  custom:scripting/monoscript/fileName/Inject.cs: 957476cc175ba7a8903bd99801de3911 -> 
  custom:scripting/monoscript/fileName/UnityEx.cs: 879e90d4217f4c4f57613d5f7f42f6a2 -> 
  custom:scripting/monoscript/fileName/FeatureEcsSystems.cs: 33918f1c1888c249a67d4df33a5554e9 -> 
  custom:scripting/monoscript/fileName/TransformComponentConverter.cs: 23fa1bcbe71e6587032b2cfbe6557e89 -> ff5e73d12e355de9916a4bc40e71f4a7
  custom:scripting/monoscript/fileName/DestinationConverter.cs: 38946b714262d27ed16ffc7c020c5441 -> 6342ee3e82426d5eb84fa912cb347742
  custom:scripting/monoscript/fileName/HeroTagMonoProvider.cs: a74899716a8a5816031906e27fce03b3 -> 
  custom:scripting/monoscript/fileName/JumpGravityMonoProvider.cs: fc2d9547bf306998b15a4badf7cf702e -> 
  custom:scripting/monoscript/fileName/HeroTagConverter.cs: 1770f5233b42a6f2a7e7f23a06a6eb76 -> 154f74a8511f46912c214333bd9a613c
  custom:scripting/monoscript/fileName/ComponentConverter.cs: 8f6297df34271fdb1ce2d9607ec6261d -> 90647cc400823b41df847a6cbfc29026
  custom:scripting/monoscript/fileName/FlipConverter.cs: 6fcdb06380bbd09ea5d18b3b84969b4b -> ffcf953a3efabeb5e75598920a76a3dc
  custom:video-decoder-ogg-theora: a1e56fd34408186e4bbccfd4996cb3dc -> 
  custom:scripting/monoscript/fileName/HitLayerMonoProvider.cs: 75b08f18538f101427395507ef4b211f -> 
  custom:scripting/monoscript/fileName/DamageConverter.cs: 5539dbb3ce238aecc4b0ad2f7149600f -> 56e3c5b93978cfa2476c5321635f4b97
  custom:scripting/monoscript/fileName/RigidbodyComponentConverter.cs: 07dc2e6b2185970fc48e818ef37e9e5c -> ffad1b584c4a674d0358cf36e556f85d
  custom:scripting/monoscript/fileName/ConvertToEntity.cs: ae894f4765b15d78f403ed8359ecc05e -> 
  custom:scripting/monoscript/fileName/Components.cs: 854ec43cf2520bf79a590a98cb9c289d -> 
  custom:scripting/monoscript/fileName/HitLayerConverter.cs: 052693199f30deb37dccbcd86305d224 -> 188bb9a02e0dce1fb7585cfcda7af36a
  custom:scripting/monoscript/fileName/MaximumHitsConverter.cs: 4d59e6826625544d2f7f68783c33a0b2 -> 61657b9bcd5ce6bf432af1cf9cfea915
  custom:scripting/monoscript/fileName/GroundedConverter.cs: 1061694155ba5b228cc48d97d67959a5 -> c8b0d3e5cfe12c6386fe9f0d0cce6fd5
  custom:scripting/monoscript/fileName/HealthConverter.cs: 070d0b7e0398c7ed508a29ee9b51195e -> 3984b50bcc6021717a50d9406b71cf3c
  custom:scripting/monoscript/fileName/SyncFromUnityTransformSystem.cs: 544df8d673dc761cb9c434435d0a704d -> 
  custom:container-demuxer-webm: 4f35f7cbe854078d1ac9338744f61a02 -> 
  custom:scripting/monoscript/fileName/GroundPointMarkerMonoProvider.cs: c43567c75c396e55cd46560e0bce6413 -> 
  custom:scripting/monoscript/fileName/AbilityProvider.cs: 0acab58e5f06f52568e640d8cf9e3ec0 -> 
  custom:scripting/monoscript/fileName/DestinationMonoProvider.cs: c9abd27782494331057352f68a66a247 -> 
  custom:scripting/monoscript/fileName/FlipMonoProvider.cs: cef94e8c5216956aeb31c8e06a51e28b -> 
  custom:scripting/monoscript/fileName/HealthMonoProvider.cs: 0dff6f7f1db8d9f6b69138ac569d77dd -> 
  custom:scripting/monoscript/fileName/EcsWorldProvider.cs: fbb31b5062dae69fee61afdd7cf92334 -> 
  custom:scripting/monoscript/fileName/DamageAnalyzeMarkerMonoProvider.cs: da381e94ae6393e3edb7d6b0e5b37a4d -> 
  custom:scripting/monoscript/fileName/InjectableMonoBehaviour.cs: 053787106d360f2f51fcd6a74b3639d1 -> 
  custom:scripting/monoscript/fileName/MaximumHitsMonoProvider.cs: 2b949fc28e0d2e6d71370ff09061f6de -> 
  custom:scripting/monoscript/fileName/RangeMonoProvider.cs: b32933c293aa2b2abb960f1737eec07b -> 
  custom:scripting/monoscript/fileName/RegisterGlobal.cs: 99ed315cced3a0a5f12f02bdd4abb6df -> 
  custom:scripting/monoscript/fileName/CoolDownBlockOverlapConverter.cs: 32baf455ef2b61cfc2b7c5166da609b0 -> 8c854c5e8eb5699da81eaff6c63fd9c2
  custom:scripting/monoscript/fileName/HitBufferMonoProvider.cs: 613f002b8a96bf7541f1ca001bd50dd2 -> 
  custom:scripting/monoscript/fileName/CoolDownBlockOverlapMonoProvider.cs: d7daf448a7e6e1e85e8e1bab9a9a515a -> 
  custom:video-encoder-webm-vp8: eb34c28f22e8b96e1ab97ce403110664 -> 
  custom:scripting/monoscript/fileName/RigidbodyComponentMonoProvider.cs: b98934cdb1f0975ac938a758540ec549 -> 
  custom:scripting/monoscript/fileName/AbilityConverter.cs: d063dab7f9e3b80355bec5d95a6ca319 -> 
  custom:scripting/monoscript/fileName/SyncToUnityTransformSystem.cs: f894f0493e6d66f11af87f6c5e767803 -> 
  custom:scripting/monoscript/fileName/FeaturedEcsStartup.cs: 1efffb36c96f234b1f3e6555ce603605 -> 
  custom:scripting/monoscript/fileName/RangeConverter.cs: 182de5fc8907075cc113df8f5cb1002e -> c1065ca5bdfbca913706681cb82723f7
  custom:scripting/monoscript/fileName/CoolDownAttackMonoProvider.cs: 027a7ba39b078a43ad9b6d390dd6ed46 -> 
  custom:scripting/monoscript/fileName/IConvertToEntity.cs: bdcd0874c0b03b1ad5becfd28261c84a -> 
  custom:scripting/monoscript/fileName/JumpMaxVelocityMonoProvider.cs: 548e863d23d0cc3dbc795d4e10075047 -> 
  custom:scripting/monoscript/fileName/GlobalMonoBehaviour.cs: 64afe74f22a3d728db956438b543420c -> 
  custom:scripting/monoscript/fileName/EcsStartup.cs: 5cb9741e58b2dd66544d0080651257f0 -> 
========================================================================
Received Import Request.
  Time since last request: 14050.914018 seconds.
  path: Assets/Scripts/Helpers/ConverterToEntity/EcsConverterAssemDef.asmdef
  artifactKey: Guid(2190cf9313d2a0341b0db31a5f5d5a5e) Importer(815301076,1909f56bfc062723c751e8b465ee728b)
Start importing Assets/Scripts/Helpers/ConverterToEntity/EcsConverterAssemDef.asmdef using Guid(2190cf9313d2a0341b0db31a5f5d5a5e) Importer(815301076,1909f56bfc062723c751e8b465ee728b)  -> (artifact id: '8af03ec88b2674f01a9de9fbcb960f37') in 0.002853 seconds
Number of updated asset objects reloaded before import = 0
Number of asset objects unloaded after import = 0
========================================================================
Received Import Request.
  Time since last request: 395.765144 seconds.
  path: Packages/com.unity.2d.common/Editor/Unity.2D.Common.Editor.asmdef
  artifactKey: Guid(bd2461be96e5f744bbe6bdbc5276eb61) Importer(815301076,1909f56bfc062723c751e8b465ee728b)
Start importing Packages/com.unity.2d.common/Editor/Unity.2D.Common.Editor.asmdef using Guid(bd2461be96e5f744bbe6bdbc5276eb61) Importer(815301076,1909f56bfc062723c751e8b465ee728b)  -> (artifact id: '22121c18b2345ca043842c2c14b2325f') in 0.001560 seconds
Number of updated asset objects reloaded before import = 0
Number of asset objects unloaded after import = 0
========================================================================
Received Import Request.
  Time since last request: 0.000027 seconds.
  path: Packages/com.unity.2d.common/Path/Editor/Unity.2D.Common.Path.Editor.asmdef
  artifactKey: Guid(24bbfa70f4a5840c3ab7da95e6835815) Importer(815301076,1909f56bfc062723c751e8b465ee728b)
Start importing Packages/com.unity.2d.common/Path/Editor/Unity.2D.Common.Path.Editor.asmdef using Guid(24bbfa70f4a5840c3ab7da95e6835815) Importer(815301076,1909f56bfc062723c751e8b465ee728b)  -> (artifact id: 'd4fc77f864e3572d56f6753a28a1bdb3') in 0.004593 seconds
Number of updated asset objects reloaded before import = 0
Number of asset objects unloaded after import = 0
========================================================================
Received Import Request.
  Time since last request: 0.000026 seconds.
  path: Packages/com.unity.2d.pixel-perfect/Editor/Unity.2D.PixelPerfect.Editor.asmdef
  artifactKey: Guid(2543b18169f9e4044a266a0bf35fe4cf) Importer(815301076,1909f56bfc062723c751e8b465ee728b)
Start importing Packages/com.unity.2d.pixel-perfect/Editor/Unity.2D.PixelPerfect.Editor.asmdef using Guid(2543b18169f9e4044a266a0bf35fe4cf) Importer(815301076,1909f56bfc062723c751e8b465ee728b)  -> (artifact id: 'f68629f5f15d377fecbe9c70780c4352') in 0.008745 seconds
Number of updated asset objects reloaded before import = 0
Number of asset objects unloaded after import = 0
========================================================================
Received Import Request.
  Time since last request: 0.072336 seconds.
  path: Packages/com.unity.2d.common/Runtime/Unity.2D.Common.Runtime.asmdef
  artifactKey: Guid(c3352a8bbbe14fb4ab52ae7bfff927ea) Importer(815301076,1909f56bfc062723c751e8b465ee728b)
Start importing Packages/com.unity.2d.common/Runtime/Unity.2D.Common.Runtime.asmdef using Guid(c3352a8bbbe14fb4ab52ae7bfff927ea) Importer(815301076,1909f56bfc062723c751e8b465ee728b)  -> (artifact id: 'c46d0118177f2f16664d91af1d1fc3cf') in 0.001047 seconds
Number of updated asset objects reloaded before import = 0
Number of asset objects unloaded after import = 0
========================================================================
Received Import Request.
  Time since last request: 0.000026 seconds.
  path: Packages/com.unity.collab-proxy/Editor/PlasticSCM/Toolbar/Unity.CollabProxy.Editor.asmdef
  artifactKey: Guid(17b36165d09634a48bf5a0e4bb27f4bd) Importer(815301076,1909f56bfc062723c751e8b465ee728b)
Start importing Packages/com.unity.collab-proxy/Editor/PlasticSCM/Toolbar/Unity.CollabProxy.Editor.asmdef using Guid(17b36165d09634a48bf5a0e4bb27f4bd) Importer(815301076,1909f56bfc062723c751e8b465ee728b)  -> (artifact id: 'c5d179b3f040bdf1a03e0164fa6db3f4') in 0.000957 seconds
Number of updated asset objects reloaded before import = 0
Number of asset objects unloaded after import = 0
========================================================================
Received Import Request.
  Time since last request: 0.000034 seconds.
  path: Packages/com.unity.collections/Unity.Collections.Tests/Unity.Collections.Tests.asmdef
  artifactKey: Guid(ebbea1c70c20149eea64c53647a70872) Importer(815301076,1909f56bfc062723c751e8b465ee728b)
Start importing Packages/com.unity.collections/Unity.Collections.Tests/Unity.Collections.Tests.asmdef using Guid(ebbea1c70c20149eea64c53647a70872) Importer(815301076,1909f56bfc062723c751e8b465ee728b)  -> (artifact id: '6eb2ad733d2861992b716ae0bb39ef9d') in 0.000933 seconds
Number of updated asset objects reloaded before import = 0
Number of asset objects unloaded after import = 0
========================================================================
Received Import Request.
  Time since last request: 0.000017 seconds.
  path: Packages/com.unity.collab-proxy/Editor/PlasticSCM/Unity.PlasticSCM.Editor.asmdef
  artifactKey: Guid(4b84427fd7ace4b4cb623ef8a46124ed) Importer(815301076,1909f56bfc062723c751e8b465ee728b)
Start importing Packages/com.unity.collab-proxy/Editor/PlasticSCM/Unity.PlasticSCM.Editor.asmdef using Guid(4b84427fd7ace4b4cb623ef8a46124ed) Importer(815301076,1909f56bfc062723c751e8b465ee728b)  -> (artifact id: 'df3cf96db1875ec0a02c4831cb2d59d0') in 0.001022 seconds
Number of updated asset objects reloaded before import = 0
Number of asset objects unloaded after import = 0
========================================================================
Received Import Request.
  Time since last request: 0.000029 seconds.
  path: Packages/com.unity.collections/Unity.Collections.BurstCompatibilityGen/Unity.Collections.BurstCompatibilityGen.asmdef
  artifactKey: Guid(4f5c0c83dfd6a0743834baba2b4de79e) Importer(815301076,1909f56bfc062723c751e8b465ee728b)
Start importing Packages/com.unity.collections/Unity.Collections.BurstCompatibilityGen/Unity.Collections.BurstCompatibilityGen.asmdef using Guid(4f5c0c83dfd6a0743834baba2b4de79e) Importer(815301076,1909f56bfc062723c751e8b465ee728b)  -> (artifact id: '0d8d3d2eac760ad201ab25127a93b939') in 0.000729 seconds
Number of updated asset objects reloaded before import = 0
Number of asset objects unloaded after import = 0
========================================================================
Received Import Request.
  Time since last request: 0.000021 seconds.
  path: Packages/com.unity.collections/Unity.Collections/Unity.Collections.asmdef
  artifactKey: Guid(e0cd26848372d4e5c891c569017e11f1) Importer(815301076,1909f56bfc062723c751e8b465ee728b)
Start importing Packages/com.unity.collections/Unity.Collections/Unity.Collections.asmdef using Guid(e0cd26848372d4e5c891c569017e11f1) Importer(815301076,1909f56bfc062723c751e8b465ee728b)  -> (artifact id: 'fa7fa9958fc2ba859624ebb441c37730') in 0.001081 seconds
Number of updated asset objects reloaded before import = 0
Number of asset objects unloaded after import = 0
========================================================================
Received Import Request.
  Time since last request: 0.000026 seconds.
  path: Packages/com.unity.mathematics/Unity.Mathematics/Unity.Mathematics.asmdef
  artifactKey: Guid(d8b63aba1907145bea998dd612889d6b) Importer(815301076,1909f56bfc062723c751e8b465ee728b)
Start importing Packages/com.unity.mathematics/Unity.Mathematics/Unity.Mathematics.asmdef using Guid(d8b63aba1907145bea998dd612889d6b) Importer(815301076,1909f56bfc062723c751e8b465ee728b)  -> (artifact id: '70985003f839089a316bb2f3d630062e') in 0.001093 seconds
Number of updated asset objects reloaded before import = 0
Number of asset objects unloaded after import = 0
========================================================================
Received Import Request.
  Time since last request: 0.000025 seconds.
  path: Packages/com.unity.2d.pixel-perfect/Runtime/Unity.2D.PixelPerfect.asmdef
  artifactKey: Guid(476f7c6c6dfeed041b063446a926e656) Importer(815301076,1909f56bfc062723c751e8b465ee728b)
Start importing Packages/com.unity.2d.pixel-perfect/Runtime/Unity.2D.PixelPerfect.asmdef using Guid(476f7c6c6dfeed041b063446a926e656) Importer(815301076,1909f56bfc062723c751e8b465ee728b)  -> (artifact id: 'f5ec98f76f84041cc5c8bf101e2151a1') in 0.000642 seconds
Number of updated asset objects reloaded before import = 0
Number of asset objects unloaded after import = 0
========================================================================
Received Import Request.
  Time since last request: 0.000021 seconds.
  path: Packages/com.unity.mathematics/Tests/Unity.Mathematics.Tests.asmdef
  artifactKey: Guid(904d80dccad704a3f95e42bd0ad5d960) Importer(815301076,1909f56bfc062723c751e8b465ee728b)
Start importing Packages/com.unity.mathematics/Tests/Unity.Mathematics.Tests.asmdef using Guid(904d80dccad704a3f95e42bd0ad5d960) Importer(815301076,1909f56bfc062723c751e8b465ee728b)  -> (artifact id: '32ee19d64cc8adddec4db8be210c1ace') in 0.000920 seconds
Number of updated asset objects reloaded before import = 0
Number of asset objects unloaded after import = 0
========================================================================
Received Import Request.
  Time since last request: 0.000020 seconds.
  path: Packages/com.unity.2d.sprite/Tests/Editor/Unity.2D.Sprite.Package.EditorTests.asmdef
  artifactKey: Guid(52648b72c7bef2040bf0cfa8dd0f74da) Importer(815301076,1909f56bfc062723c751e8b465ee728b)
Start importing Packages/com.unity.2d.sprite/Tests/Editor/Unity.2D.Sprite.Package.EditorTests.asmdef using Guid(52648b72c7bef2040bf0cfa8dd0f74da) Importer(815301076,1909f56bfc062723c751e8b465ee728b)  -> (artifact id: '9a07ebfe0d8086a5d1a5f97c8333dbc1') in 0.000543 seconds
Number of updated asset objects reloaded before import = 0
Number of asset objects unloaded after import = 0
========================================================================
Received Import Request.
  Time since last request: 3.042842 seconds.
  path: Packages/com.unity.2d.aseprite/Editor/Unity.2D.Aseprite.Editor.asmdef
  artifactKey: Guid(1c0efac71f61649eab4850fa3687d8a4) Importer(815301076,1909f56bfc062723c751e8b465ee728b)
Start importing Packages/com.unity.2d.aseprite/Editor/Unity.2D.Aseprite.Editor.asmdef using Guid(1c0efac71f61649eab4850fa3687d8a4) Importer(815301076,1909f56bfc062723c751e8b465ee728b)  -> (artifact id: '04b7a52eb2cbae792f56c3d629e81767') in 0.000691 seconds
Number of updated asset objects reloaded before import = 0
Number of asset objects unloaded after import = 0
========================================================================
Received Import Request.
  Time since last request: 0.000023 seconds.
  path: Packages/com.unity.2d.tilemap.extras/Runtime/Unity.2D.Tilemap.Extras.asmdef
  artifactKey: Guid(613783dc1674e844b87788ea74ede0f6) Importer(815301076,1909f56bfc062723c751e8b465ee728b)
Start importing Packages/com.unity.2d.tilemap.extras/Runtime/Unity.2D.Tilemap.Extras.asmdef using Guid(613783dc1674e844b87788ea74ede0f6) Importer(815301076,1909f56bfc062723c751e8b465ee728b)  -> (artifact id: '7eab222d7e3715cb42675dac063abcff') in 0.001036 seconds
Number of updated asset objects reloaded before import = 0
Number of asset objects unloaded after import = 0
========================================================================
Received Import Request.
  Time since last request: 0.000028 seconds.
  path: Packages/com.unity.2d.tilemap.extras/Tests/Editor/Unity.2D.Tilemap.Extras.EditorTests.asmdef
  artifactKey: Guid(6e1c163768a31b44ba01cc5392db861e) Importer(815301076,1909f56bfc062723c751e8b465ee728b)
Start importing Packages/com.unity.2d.tilemap.extras/Tests/Editor/Unity.2D.Tilemap.Extras.EditorTests.asmdef using Guid(6e1c163768a31b44ba01cc5392db861e) Importer(815301076,1909f56bfc062723c751e8b465ee728b)  -> (artifact id: '1f76f190cf3bd0a9c5ebef5c334e3b75') in 0.000498 seconds
Number of updated asset objects reloaded before import = 0
Number of asset objects unloaded after import = 0
========================================================================
Received Import Request.
  Time since last request: 29.361573 seconds.
  path: Packages/com.unity.2d.psdimporter/Editor/Unity.2D.Psdimporter.Editor.asmdef
  artifactKey: Guid(bcb706ca0f6dd48449aa27a93faa899c) Importer(815301076,1909f56bfc062723c751e8b465ee728b)
Start importing Packages/com.unity.2d.psdimporter/Editor/Unity.2D.Psdimporter.Editor.asmdef using Guid(bcb706ca0f6dd48449aa27a93faa899c) Importer(815301076,1909f56bfc062723c751e8b465ee728b)  -> (artifact id: '1792a509695a7ad54e4aaa4e9ab04eb8') in 0.001761 seconds
Number of updated asset objects reloaded before import = 0
Number of asset objects unloaded after import = 0
========================================================================
Received Import Request.
  Time since last request: 0.000018 seconds.
  path: Packages/com.unity.2d.spriteshape/Editor/Unity.2D.SpriteShape.Editor.asmdef
  artifactKey: Guid(bfbb4a459210651499d21f444f9b55fd) Importer(815301076,1909f56bfc062723c751e8b465ee728b)
Start importing Packages/com.unity.2d.spriteshape/Editor/Unity.2D.SpriteShape.Editor.asmdef using Guid(bfbb4a459210651499d21f444f9b55fd) Importer(815301076,1909f56bfc062723c751e8b465ee728b)  -> (artifact id: 'aaf7520bfac914f63a743c425f8a6d62') in 0.002329 seconds
Number of updated asset objects reloaded before import = 0
Number of asset objects unloaded after import = 0
========================================================================
Received Import Request.
  Time since last request: 5.952071 seconds.
  path: Packages/com.unity.2d.animation/IK/Editor/Unity.2D.IK.Editor.asmdef
  artifactKey: Guid(4237adb6ac177124b8f4a94835b7b4d0) Importer(815301076,1909f56bfc062723c751e8b465ee728b)
Start importing Packages/com.unity.2d.animation/IK/Editor/Unity.2D.IK.Editor.asmdef using Guid(4237adb6ac177124b8f4a94835b7b4d0) Importer(815301076,1909f56bfc062723c751e8b465ee728b)  -> (artifact id: 'e1dfa773fe5cec73cfc80b4769e9eec1') in 0.001521 seconds
Number of updated asset objects reloaded before import = 0
Number of asset objects unloaded after import = 0
========================================================================
Received Import Request.
  Time since last request: 0.263112 seconds.
  path: Packages/com.unity.2d.spriteshape/Tests/Editor/Unity.2D.SpriteShape.EditorTests.asmdef
  artifactKey: Guid(03bfc083748b8452197dde3b8ea7f575) Importer(815301076,1909f56bfc062723c751e8b465ee728b)
Start importing Packages/com.unity.2d.spriteshape/Tests/Editor/Unity.2D.SpriteShape.EditorTests.asmdef using Guid(03bfc083748b8452197dde3b8ea7f575) Importer(815301076,1909f56bfc062723c751e8b465ee728b)  -> (artifact id: '947c69bb2dab22f3d0296053879e707b') in 0.001104 seconds
Number of updated asset objects reloaded before import = 0
Number of asset objects unloaded after import = 0
========================================================================
Received Import Request.
  Time since last request: 0.056070 seconds.
  path: Packages/com.unity.burst/Runtime/Unity.Burst.asmdef
  artifactKey: Guid(2665a8d13d1b3f18800f46e256720795) Importer(815301076,1909f56bfc062723c751e8b465ee728b)
Start importing Packages/com.unity.burst/Runtime/Unity.Burst.asmdef using Guid(2665a8d13d1b3f18800f46e256720795) Importer(815301076,1909f56bfc062723c751e8b465ee728b)  -> (artifact id: '48f4576e64e57c55eac17da6872ae9c8') in 0.001004 seconds
Number of updated asset objects reloaded before import = 0
Number of asset objects unloaded after import = 0
========================================================================
Received Import Request.
  Time since last request: 0.032274 seconds.
  path: Packages/com.unity.inputsystem/InputSystem/Unity.InputSystem.asmdef
  artifactKey: Guid(75469ad4d38634e559750d17036d5f7c) Importer(815301076,1909f56bfc062723c751e8b465ee728b)
Start importing Packages/com.unity.inputsystem/InputSystem/Unity.InputSystem.asmdef using Guid(75469ad4d38634e559750d17036d5f7c) Importer(815301076,1909f56bfc062723c751e8b465ee728b)  -> (artifact id: '71d32cafd3451d9097e62eab194a5ca0') in 0.001684 seconds
Number of updated asset objects reloaded before import = 0
Number of asset objects unloaded after import = 0
========================================================================
Received Import Request.
  Time since last request: 1.180378 seconds.
  path: Packages/com.unity.render-pipelines.core/ShaderLibrary/Unity.RenderPipelines.Core.ShaderLibrary.asmdef
  artifactKey: Guid(46a67ded66a63de48b9329c593fc08de) Importer(815301076,1909f56bfc062723c751e8b465ee728b)
Start importing Packages/com.unity.render-pipelines.core/ShaderLibrary/Unity.RenderPipelines.Core.ShaderLibrary.asmdef using Guid(46a67ded66a63de48b9329c593fc08de) Importer(815301076,1909f56bfc062723c751e8b465ee728b)  -> (artifact id: '767e231bb0faa8e35a17b8e4533570b9') in 0.001554 seconds
Number of updated asset objects reloaded before import = 0
Number of asset objects unloaded after import = 0
========================================================================
Received Import Request.
  Time since last request: 0.000810 seconds.
  path: Packages/com.unity.visualscripting/Editor/VisualScripting.Core/Unity.VisualScripting.Core.Editor.asmdef
  artifactKey: Guid(54cb1906aeb4e4264bc1d2aa3818a43f) Importer(815301076,1909f56bfc062723c751e8b465ee728b)
Start importing Packages/com.unity.visualscripting/Editor/VisualScripting.Core/Unity.VisualScripting.Core.Editor.asmdef using Guid(54cb1906aeb4e4264bc1d2aa3818a43f) Importer(815301076,1909f56bfc062723c751e8b465ee728b)  -> (artifact id: '313b444d1d594436c288bac414d86e33') in 0.001486 seconds
Number of updated asset objects reloaded before import = 0
Number of asset objects unloaded after import = 0
========================================================================
Received Import Request.
  Time since last request: 0.000018 seconds.
  path: Assets/Plugins/Zenject/OptionalExtras/IntegrationTests/Tests/Zenject-IntegrationTests-Editor.asmdef
  artifactKey: Guid(b4d325adfafa9454b8d5f7d62eca2a8a) Importer(815301076,1909f56bfc062723c751e8b465ee728b)
Start importing Assets/Plugins/Zenject/OptionalExtras/IntegrationTests/Tests/Zenject-IntegrationTests-Editor.asmdef using Guid(b4d325adfafa9454b8d5f7d62eca2a8a) Importer(815301076,1909f56bfc062723c751e8b465ee728b)  -> (artifact id: 'f1cbd1efc5c2427956c9a1f601845f98') in 0.000722 seconds
Number of updated asset objects reloaded before import = 0
Number of asset objects unloaded after import = 0
========================================================================
Received Import Request.
  Time since last request: 0.000021 seconds.
  path: Assets/Plugins/Zenject/zenject.asmdef
  artifactKey: Guid(0d8beb7f090555447a6cf5ce9e54dbb4) Importer(815301076,1909f56bfc062723c751e8b465ee728b)
Start importing Assets/Plugins/Zenject/zenject.asmdef using Guid(0d8beb7f090555447a6cf5ce9e54dbb4) Importer(815301076,1909f56bfc062723c751e8b465ee728b)  -> (artifact id: '323b67b3e85d5a51a059c07bd2fdc391') in 0.000991 seconds
Number of updated asset objects reloaded before import = 0
Number of asset objects unloaded after import = 0
========================================================================
Received Import Request.
  Time since last request: 0.000019 seconds.
  path: Packages/com.unity.visualscripting/Editor/SettingsProvider/Unity.VisualScripting.SettingsProvider.Editor.asmdef
  artifactKey: Guid(2aa54ddaa48744e1caddee916e39805e) Importer(815301076,1909f56bfc062723c751e8b465ee728b)
Start importing Packages/com.unity.visualscripting/Editor/SettingsProvider/Unity.VisualScripting.SettingsProvider.Editor.asmdef using Guid(2aa54ddaa48744e1caddee916e39805e) Importer(815301076,1909f56bfc062723c751e8b465ee728b)  -> (artifact id: '0d1c29ce9b9661b2d25d6cd6bf6f007f') in 0.000831 seconds
Number of updated asset objects reloaded before import = 0
Number of asset objects unloaded after import = 0
========================================================================
Received Import Request.
  Time since last request: 0.000122 seconds.
  path: Assets/Plugins/Zenject/OptionalExtras/ReflectionBaking/Zenject-ReflectionBaking-Editor.asmdef
  artifactKey: Guid(14f8b558cd941e545961d1d8d31254f0) Importer(815301076,1909f56bfc062723c751e8b465ee728b)
Start importing Assets/Plugins/Zenject/OptionalExtras/ReflectionBaking/Zenject-ReflectionBaking-Editor.asmdef using Guid(14f8b558cd941e545961d1d8d31254f0) Importer(815301076,1909f56bfc062723c751e8b465ee728b)  -> (artifact id: '00ffb5700d3ea1a8ed4602354200045c') in 0.000523 seconds
Number of updated asset objects reloaded before import = 0
Number of asset objects unloaded after import = 0
========================================================================
Received Import Request.
  Time since last request: 30.634546 seconds.
  path: Assets/Scripts/Helpers/ConverterToEntity
  artifactKey: Guid(d3239e97d792481c939ce01a78b4dc13) Importer(815301076,1909f56bfc062723c751e8b465ee728b)
Start importing Assets/Scripts/Helpers/ConverterToEntity using Guid(d3239e97d792481c939ce01a78b4dc13) Importer(815301076,1909f56bfc062723c751e8b465ee728b)  -> (artifact id: 'f6b93829bcaa4ebf36af6a3f0727c3c8') in 0.000401 seconds
Number of updated asset objects reloaded before import = 0
Number of asset objects unloaded after import = 0
========================================================================
Received Prepare
Begin MonoManager ReloadAssembly
Symbol file LoadedFromMemory doesn't match image D:\games\DemoLeoFSM\DemoLeoFSM\Library\PackageCache\com.unity.visualscripting@1.8.0\Editor\VisualScripting.Core\Dependencies\YamlDotNet\Unity.VisualScripting.YamlDotNet.dll
Symbol file LoadedFromMemory doesn't match image D:\games\DemoLeoFSM\DemoLeoFSM\Library\PackageCache\com.unity.visualscripting@1.8.0\Editor\VisualScripting.Core\Dependencies\DotNetZip\Unity.VisualScripting.IonicZip.dll
- Loaded All Assemblies, in  2.438 seconds
Refreshing native plugins compatible for Editor in 4.51 ms, found 4 plugins.
Native extension for WindowsStandalone target not found
Native extension for iOS target not found
Native extension for Android target not found
[Package Manager] Server::EnsureServerProcessIsRunning -- launch failed, reason: Unity was launched with the -noUpm command-line argument
[Package Manager] UpmClient::Send -- Unable to send message (not connected to UPM process).
[Package Manager] Cannot connect to Unity Package Manager local server
Mono: successfully reloaded assembly
- Finished resetting the current domain, in  1.591 seconds
Domain Reload Profiling: 4028ms
	BeginReloadAssembly (997ms)
		ExecutionOrderSort (0ms)
		DisableScriptedObjects (172ms)
		BackupInstance (0ms)
		ReleaseScriptingObjects (2ms)
		CreateAndSetChildDomain (518ms)
	RebuildCommonClasses (33ms)
	RebuildNativeTypeToScriptingClass (9ms)
	initialDomainReloadingComplete (30ms)
	LoadAllAssembliesAndSetupDomain (1366ms)
		LoadAssemblies (742ms)
		RebuildTransferFunctionScriptingTraits (0ms)
		AnalyzeDomain (690ms)
			TypeCache.Refresh (648ms)
				TypeCache.ScanAssembly (542ms)
			ScanForSourceGeneratedMonoScriptInfo (25ms)
			ResolveRequiredComponents (17ms)
	FinalizeReload (1592ms)
		ReleaseScriptCaches (0ms)
		RebuildScriptCaches (0ms)
		SetupLoadedEditorAssemblies (561ms)
			LogAssemblyErrors (0ms)
			InitializePlatformSupportModulesInManaged (35ms)
			SetLoadedEditorAssemblies (5ms)
			RefreshPlugins (0ms)
			BeforeProcessingInitializeOnLoad (94ms)
			ProcessInitializeOnLoadAttributes (350ms)
			ProcessInitializeOnLoadMethodAttributes (74ms)
			AfterProcessingInitializeOnLoad (3ms)
			EditorAssembliesLoaded (0ms)
		ExecutionOrderSort2 (0ms)
		AwakeInstancesAfterBackupRestoration (18ms)
Refreshing native plugins compatible for Editor in 3.61 ms, found 4 plugins.
Preloading 0 native plugins for Editor in 0.00 ms.
Unloading 7450 Unused Serialized files (Serialized files now loaded: 0)
Unloading 64 unused Assets / (0.6 MB). Loaded Objects now: 8173.
Memory consumption went from 245.4 MB to 244.9 MB.
Total: 84.500100 ms (FindLiveObjects: 17.475200 ms CreateObjectMapping: 1.477700 ms MarkObjects: 21.947500 ms  DeleteObjects: 43.592600 ms)

Prepare: number of updated asset objects reloaded= 0
AssetImportParameters requested are different than current active one (requested -> active):
  custom:scripting/monoscript/fileName/OneFrameEx.cs: 50b7e5bcef28d270105fbbe144dc1d4f -> 
  custom:scripting/monoscript/fileName/MovementDirectionMonoProvider.cs: 1cce9bcf27cf6184c2e4b971122ce11d -> 
  custom:container-demuxer-ogg: 62fdf1f143b41e24485cea50d1cbac27 -> 
  custom:scripting/monoscript/fileName/CoolDownAttackConverter.cs: 03c6a841b45fd09c6f686ff7d7d72c72 -> 5c696245091e1e15e68f432da03f68e0
  custom:scripting/monoscript/fileName/JumpGravityConverter.cs: 61c5e50f155d000175072a979b95321d -> 670240ede5740fa857d764370582470c
  custom:scripting/monoscript/fileName/EcsWorldEx.cs: c5ef479b6cf8de0d78a5e957c40d3b0e -> 
  custom:scripting/monoscript/fileName/ConverterComponent.cs: d5cacce3831ff821a143ae1745edd25b -> 90647cc400823b41df847a6cbfc29026
  custom:scripting/monoscript/fileName/ConversionUtils.cs: 542a77d8e8be1ab7d9bdf5ae14568ef6 -> 
  custom:framework-win-MediaFoundation: 216162199b28c13a410421893ffa2e32 -> 
  custom:scripting/monoscript/fileName/WeaponHolderConverter.cs: 139d8a25299799abdcbc907d949a53b0 -> 7305efeae3e6716f9e9aa4aa28b953e6
  custom:scripting/monoscript/fileName/JumpMaxVelocityConverter.cs: 026c8562e764100bcb83bfd31d04a2b9 -> 2f0e978785644be823d1c2d3bc0bbd82
  custom:scripting/monoscript/fileName/JumpVelocityMonoProvider.cs: c5fd9c44b01b9e3b2d3934c5c6cea2b4 -> 
  custom:scripting/monoscript/fileName/Globals.cs: 18acc3422c13045748bacd3c8d64f769 -> 
  custom:scripting/monoscript/fileName/WeaponHolderMonoProvider.cs: 30178aa01b091557ad932f83e148ab01 -> 
  custom:scripting/monoscript/fileName/UnityObjectProvider.cs: e9b1404f24b274108f1f74154b28e30b -> 
  custom:scripting/monoscript/fileName/OneFrameSystem.cs: 90647cc400823b41df847a6cbfc29026 -> 
  custom:scripting/monoscript/fileName/LeoEcsLiteInjector.cs: 8cc0d0c894a3cd857e4e4e96cb7ac2b7 -> 
  custom:container-muxer-webm: aa71ff27fc2769a1b78a27578f13a17b -> 
  custom:scripting/monoscript/fileName/DamageMonoProvider.cs: 23d0253f8f7a8a9025556f460993e9e5 -> 
  custom:scripting/monoscript/fileName/GroundedMonoProvider.cs: dcb8175a2a90c719ecb75beaac2cce90 -> 
  custom:scripting/monoscript/fileName/ComponentProvider.cs: 90647cc400823b41df847a6cbfc29026 -> 
  custom:video-decoder-webm-vp8: 9c59270c3fd7afecdb556c50c9e8de78 -> 
  custom:AudioImporter_EditorPlatform: d09bf68614088b80899f8185d706f6e7 -> 
  custom:scripting/monoscript/fileName/HitBufferConverter.cs: d3bdaad375a03e7cb8ed1d6e4e1d2a6a -> 21a05fc6bbdb9ef6232cf48039a78c42
  custom:scripting/monoscript/fileName/MovementSpeedConverter.cs: 0c8dba0e0c20b21f9bd3ceb8c340cb69 -> aced34227edadbfc451b1fbb67b5be9c
  custom:scripting/monoscript/fileName/MovementDirectionConverter.cs: c18892c2607e827d4c1effe54585bc44 -> 4d915d5e3e04ae4af01abf59c15bc771
  custom:scripting/monoscript/fileName/ConvertComponent.cs: 90647cc400823b41df847a6cbfc29026 -> 
  custom:scripting/monoscript/fileName/JumpVelocityConverter.cs: 047048482e554c08323cd973b4b43440 -> 6bbbc2fa2084841deced876c73ab3aad
  custom:audio-decoder-ogg-vorbis: bf7c407c2cedff20999df2af8eb42d56 -> 
  custom:scripting/monoscript/fileName/EcsTransformUtils.cs: a53780c98a0b1ecc4bb928f91e88c6ec -> 
  custom:scripting/monoscript/fileName/DamageAnalyzeMarkerConverter.cs: 36e8caeda6438c269f1c89d93e951fb3 -> 63377fcc600e262fe0132b35d9bf3dd4
  custom:scripting/monoscript/fileName/MovementSpeedMonoProvider.cs: aa7b608f7117b33676ee221629a96d6a -> 
  custom:scripting/monoscript/fileName/TransformComponentMonoProvider.cs: fdf1f5293692825d5728e812a10b2215 -> 
  custom:scripting/monoscript/fileName/GroundPointMarkerConverter.cs: 253a5237786d1370f64970ff050c1c05 -> c5ea7f8efc4a34e907ae5b15ca91cd4d
  custom:scripting/monoscript/fileName/EcsFeature.cs: 0a466c8bf8ede1e5c0d7c7fa12984d9a -> 
  custom:audio-encoder-webm-vorbis: bf7c407c2cedff20999df2af8eb42d56 -> 
  custom:scripting/monoscript/fileName/Inject.cs: 957476cc175ba7a8903bd99801de3911 -> 
  custom:scripting/monoscript/fileName/UnityEx.cs: 879e90d4217f4c4f57613d5f7f42f6a2 -> 
  custom:scripting/monoscript/fileName/FeatureEcsSystems.cs: 33918f1c1888c249a67d4df33a5554e9 -> 
  custom:scripting/monoscript/fileName/TransformComponentConverter.cs: 23fa1bcbe71e6587032b2cfbe6557e89 -> ff5e73d12e355de9916a4bc40e71f4a7
  custom:scripting/monoscript/fileName/DestinationConverter.cs: 38946b714262d27ed16ffc7c020c5441 -> 6342ee3e82426d5eb84fa912cb347742
  custom:scripting/monoscript/fileName/HeroTagMonoProvider.cs: a74899716a8a5816031906e27fce03b3 -> 
  custom:scripting/monoscript/fileName/JumpGravityMonoProvider.cs: fc2d9547bf306998b15a4badf7cf702e -> 
  custom:scripting/monoscript/fileName/HeroTagConverter.cs: 1770f5233b42a6f2a7e7f23a06a6eb76 -> 154f74a8511f46912c214333bd9a613c
  custom:scripting/monoscript/fileName/ComponentConverter.cs: 8f6297df34271fdb1ce2d9607ec6261d -> 90647cc400823b41df847a6cbfc29026
  custom:scripting/monoscript/fileName/FlipConverter.cs: 6fcdb06380bbd09ea5d18b3b84969b4b -> ffcf953a3efabeb5e75598920a76a3dc
  custom:video-decoder-ogg-theora: a1e56fd34408186e4bbccfd4996cb3dc -> 
  custom:scripting/monoscript/fileName/HitLayerMonoProvider.cs: 75b08f18538f101427395507ef4b211f -> 
  custom:scripting/monoscript/fileName/DamageConverter.cs: 5539dbb3ce238aecc4b0ad2f7149600f -> 56e3c5b93978cfa2476c5321635f4b97
  custom:scripting/monoscript/fileName/RigidbodyComponentConverter.cs: 07dc2e6b2185970fc48e818ef37e9e5c -> ffad1b584c4a674d0358cf36e556f85d
  custom:scripting/monoscript/fileName/ConvertToEntity.cs: ae894f4765b15d78f403ed8359ecc05e -> 
  custom:scripting/monoscript/fileName/Components.cs: 854ec43cf2520bf79a590a98cb9c289d -> 
  custom:scripting/monoscript/fileName/HitLayerConverter.cs: 052693199f30deb37dccbcd86305d224 -> 188bb9a02e0dce1fb7585cfcda7af36a
  custom:scripting/monoscript/fileName/MaximumHitsConverter.cs: 4d59e6826625544d2f7f68783c33a0b2 -> 61657b9bcd5ce6bf432af1cf9cfea915
  custom:scripting/monoscript/fileName/GroundedConverter.cs: 1061694155ba5b228cc48d97d67959a5 -> c8b0d3e5cfe12c6386fe9f0d0cce6fd5
  custom:scripting/monoscript/fileName/HealthConverter.cs: 070d0b7e0398c7ed508a29ee9b51195e -> 3984b50bcc6021717a50d9406b71cf3c
  custom:scripting/monoscript/fileName/SyncFromUnityTransformSystem.cs: 544df8d673dc761cb9c434435d0a704d -> 
  custom:container-demuxer-webm: 4f35f7cbe854078d1ac9338744f61a02 -> 
  custom:scripting/monoscript/fileName/GroundPointMarkerMonoProvider.cs: c43567c75c396e55cd46560e0bce6413 -> 
  custom:scripting/monoscript/fileName/AbilityProvider.cs: 0acab58e5f06f52568e640d8cf9e3ec0 -> 
  custom:scripting/monoscript/fileName/DestinationMonoProvider.cs: c9abd27782494331057352f68a66a247 -> 
  custom:scripting/monoscript/fileName/FlipMonoProvider.cs: cef94e8c5216956aeb31c8e06a51e28b -> 
  custom:scripting/monoscript/fileName/HealthMonoProvider.cs: 0dff6f7f1db8d9f6b69138ac569d77dd -> 
  custom:scripting/monoscript/fileName/EcsWorldProvider.cs: fbb31b5062dae69fee61afdd7cf92334 -> 
  custom:scripting/monoscript/fileName/DamageAnalyzeMarkerMonoProvider.cs: da381e94ae6393e3edb7d6b0e5b37a4d -> 
  custom:scripting/monoscript/fileName/InjectableMonoBehaviour.cs: 053787106d360f2f51fcd6a74b3639d1 -> 
  custom:scripting/monoscript/fileName/MaximumHitsMonoProvider.cs: 2b949fc28e0d2e6d71370ff09061f6de -> 
  custom:scripting/monoscript/fileName/RangeMonoProvider.cs: b32933c293aa2b2abb960f1737eec07b -> 
  custom:scripting/monoscript/fileName/RegisterGlobal.cs: 99ed315cced3a0a5f12f02bdd4abb6df -> 
  custom:scripting/monoscript/fileName/CoolDownBlockOverlapConverter.cs: 32baf455ef2b61cfc2b7c5166da609b0 -> 8c854c5e8eb5699da81eaff6c63fd9c2
  custom:scripting/monoscript/fileName/HitBufferMonoProvider.cs: 613f002b8a96bf7541f1ca001bd50dd2 -> 
  custom:scripting/monoscript/fileName/CoolDownBlockOverlapMonoProvider.cs: d7daf448a7e6e1e85e8e1bab9a9a515a -> 
  custom:video-encoder-webm-vp8: eb34c28f22e8b96e1ab97ce403110664 -> 
  custom:scripting/monoscript/fileName/RigidbodyComponentMonoProvider.cs: b98934cdb1f0975ac938a758540ec549 -> 
  custom:scripting/monoscript/fileName/AbilityConverter.cs: d063dab7f9e3b80355bec5d95a6ca319 -> 
  custom:scripting/monoscript/fileName/SyncToUnityTransformSystem.cs: f894f0493e6d66f11af87f6c5e767803 -> 
  custom:scripting/monoscript/fileName/FeaturedEcsStartup.cs: 1efffb36c96f234b1f3e6555ce603605 -> 
  custom:scripting/monoscript/fileName/RangeConverter.cs: 182de5fc8907075cc113df8f5cb1002e -> c1065ca5bdfbca913706681cb82723f7
  custom:scripting/monoscript/fileName/CoolDownAttackMonoProvider.cs: 027a7ba39b078a43ad9b6d390dd6ed46 -> 
  custom:scripting/monoscript/fileName/IConvertToEntity.cs: bdcd0874c0b03b1ad5becfd28261c84a -> 
  custom:scripting/monoscript/fileName/JumpMaxVelocityMonoProvider.cs: 548e863d23d0cc3dbc795d4e10075047 -> 
  custom:scripting/monoscript/fileName/GlobalMonoBehaviour.cs: 64afe74f22a3d728db956438b543420c -> 
  custom:scripting/monoscript/fileName/EcsStartup.cs: 5cb9741e58b2dd66544d0080651257f0 -> 
========================================================================
Received Import Request.
  Time since last request: 90.314366 seconds.
  path: Assets/Scripts/Helpers/ConverterToEntity/ConverterToEntityAssemDef.asmdef
  artifactKey: Guid(1c488675a0e215944a01fdd364cd4956) Importer(815301076,1909f56bfc062723c751e8b465ee728b)
Start importing Assets/Scripts/Helpers/ConverterToEntity/ConverterToEntityAssemDef.asmdef using Guid(1c488675a0e215944a01fdd364cd4956) Importer(815301076,1909f56bfc062723c751e8b465ee728b)  -> (artifact id: 'e2e797ee626b73cba329484a96f5651b') in 0.006284 seconds
Number of updated asset objects reloaded before import = 0
Number of asset objects unloaded after import = 0
========================================================================
Received Import Request.
  Time since last request: 14.754515 seconds.
  path: Assets/Scripts/Helpers/ConverterToEntity/ConverterToEntityAssemDef.asmdef
  artifactKey: Guid(1c488675a0e215944a01fdd364cd4956) Importer(815301076,1909f56bfc062723c751e8b465ee728b)
Start importing Assets/Scripts/Helpers/ConverterToEntity/ConverterToEntityAssemDef.asmdef using Guid(1c488675a0e215944a01fdd364cd4956) Importer(815301076,1909f56bfc062723c751e8b465ee728b)  -> (artifact id: 'f96e45ee4988e991ed190473a9614ee2') in 0.001519 seconds
Number of updated asset objects reloaded before import = 0
Number of asset objects unloaded after import = 0
========================================================================
Received Import Request.
  Time since last request: 23.420033 seconds.
  path: Assets/Scripts/Helpers/ConverterToEntity/ConverterToEntity.cs
  artifactKey: Guid(fb4d030f3d8241e0b76b7f5a04fc28ae) Importer(815301076,1909f56bfc062723c751e8b465ee728b)
Start importing Assets/Scripts/Helpers/ConverterToEntity/ConverterToEntity.cs using Guid(fb4d030f3d8241e0b76b7f5a04fc28ae) Importer(815301076,1909f56bfc062723c751e8b465ee728b)  -> (artifact id: '665f477b7b6d44d11033cc2efe8d6cc8') in 0.002845 seconds
Number of updated asset objects reloaded before import = 0
Number of asset objects unloaded after import = 0
========================================================================
Received Import Request.
  Time since last request: 78.988233 seconds.
  path: Packages/com.unity.shadergraph/ShaderGraphLibrary/Unity.RenderPipelines.ShaderGraph.ShaderGraphLibrary.asmdef
  artifactKey: Guid(de1079f91ae5b43499b7c7e4f1269884) Importer(815301076,1909f56bfc062723c751e8b465ee728b)
Start importing Packages/com.unity.shadergraph/ShaderGraphLibrary/Unity.RenderPipelines.ShaderGraph.ShaderGraphLibrary.asmdef using Guid(de1079f91ae5b43499b7c7e4f1269884) Importer(815301076,1909f56bfc062723c751e8b465ee728b)  -> (artifact id: '98d91b18cb3cbc8d00254d0f279483e6') in 0.007074 seconds
Number of updated asset objects reloaded before import = 0
Number of asset objects unloaded after import = 0
========================================================================
Received Import Request.
  Time since last request: 0.000058 seconds.
  path: Packages/com.unity.render-pipelines.universal/Tests/Runtime/Unity.RenderPipelines.Universal.Runtime.Tests.asmdef
  artifactKey: Guid(bc3b0daec27db604caf7fec37e54bf6d) Importer(815301076,1909f56bfc062723c751e8b465ee728b)
Start importing Packages/com.unity.render-pipelines.universal/Tests/Runtime/Unity.RenderPipelines.Universal.Runtime.Tests.asmdef using Guid(bc3b0daec27db604caf7fec37e54bf6d) Importer(815301076,1909f56bfc062723c751e8b465ee728b)  -> (artifact id: '457074f4461a4150cb3ea293426a2a1f') in 0.030027 seconds
Number of updated asset objects reloaded before import = 0
Number of asset objects unloaded after import = 0
========================================================================
Received Import Request.
  Time since last request: 0.000019 seconds.
  path: Packages/com.unity.render-pipelines.universal/Runtime/Unity.RenderPipelines.Universal.Runtime.asmdef
  artifactKey: Guid(15fc0a57446b3144c949da3e2b9737a9) Importer(815301076,1909f56bfc062723c751e8b465ee728b)
Start importing Packages/com.unity.render-pipelines.universal/Runtime/Unity.RenderPipelines.Universal.Runtime.asmdef using Guid(15fc0a57446b3144c949da3e2b9737a9) Importer(815301076,1909f56bfc062723c751e8b465ee728b)  -> (artifact id: '963355d03234cb56fb28f4af8ed04701') in 0.066253 seconds
Number of updated asset objects reloaded before import = 0
Number of asset objects unloaded after import = 0
========================================================================
Received Import Request.
  Time since last request: 0.000025 seconds.
  path: Packages/com.unity.render-pipelines.universal/Tests/Editor/Unity.RenderPipelines.Universal.Editor.Tests.asmdef
  artifactKey: Guid(36d514892e55d4340b470c29fcab8b44) Importer(815301076,1909f56bfc062723c751e8b465ee728b)
Start importing Packages/com.unity.render-pipelines.universal/Tests/Editor/Unity.RenderPipelines.Universal.Editor.Tests.asmdef using Guid(36d514892e55d4340b470c29fcab8b44) Importer(815301076,1909f56bfc062723c751e8b465ee728b)  -> (artifact id: '441c32092d41dc4550cf507eb70bbbc1') in 0.001142 seconds
Number of updated asset objects reloaded before import = 0
Number of asset objects unloaded after import = 0
========================================================================
Received Import Request.
  Time since last request: 0.038375 seconds.
  path: Packages/com.unity.render-pipelines.universal/ShaderLibrary/Unity.RenderPipelines.Universal.ShaderLibrary.asmdef
  artifactKey: Guid(ab67fb10353d84448ac887a7367cbda8) Importer(815301076,1909f56bfc062723c751e8b465ee728b)
Start importing Packages/com.unity.render-pipelines.universal/ShaderLibrary/Unity.RenderPipelines.Universal.ShaderLibrary.asmdef using Guid(ab67fb10353d84448ac887a7367cbda8) Importer(815301076,1909f56bfc062723c751e8b465ee728b)  -> (artifact id: 'adaa31a70a65ed7df7ca6a1d50fca353') in 0.000963 seconds
Number of updated asset objects reloaded before import = 0
Number of asset objects unloaded after import = 0
========================================================================
Received Import Request.
  Time since last request: 0.005265 seconds.
  path: Packages/com.unity.textmeshpro/Tests/Editor/Unity.TextMeshPro.Editor.Tests.asmdef
  artifactKey: Guid(656e461844099ae43a609ff6109b0877) Importer(815301076,1909f56bfc062723c751e8b465ee728b)
Start importing Packages/com.unity.textmeshpro/Tests/Editor/Unity.TextMeshPro.Editor.Tests.asmdef using Guid(656e461844099ae43a609ff6109b0877) Importer(815301076,1909f56bfc062723c751e8b465ee728b)  -> (artifact id: 'f44f7119ddcc8791782e949591d587d3') in 0.001237 seconds
Number of updated asset objects reloaded before import = 0
Number of asset objects unloaded after import = 0
========================================================================
Received Import Request.
  Time since last request: 0.000020 seconds.
  path: Packages/com.unity.shadergraph/Editor/Utilities/Unity.ShaderGraph.Utilities.asmdef
  artifactKey: Guid(ade7125e800904674ba0c115208f7ed5) Importer(815301076,1909f56bfc062723c751e8b465ee728b)
Start importing Packages/com.unity.shadergraph/Editor/Utilities/Unity.ShaderGraph.Utilities.asmdef using Guid(ade7125e800904674ba0c115208f7ed5) Importer(815301076,1909f56bfc062723c751e8b465ee728b)  -> (artifact id: '2208bcd0dcecc5a7302704f38d935644') in 0.001716 seconds
Number of updated asset objects reloaded before import = 0
Number of asset objects unloaded after import = 0
========================================================================
Received Import Request.
  Time since last request: 0.000019 seconds.
  path: Packages/com.unity.shadergraph/Editor/Unity.ShaderGraph.Editor.asmdef
  artifactKey: Guid(be0903cd8e1546f498710afdc59db5eb) Importer(815301076,1909f56bfc062723c751e8b465ee728b)
Start importing Packages/com.unity.shadergraph/Editor/Unity.ShaderGraph.Editor.asmdef using Guid(be0903cd8e1546f498710afdc59db5eb) Importer(815301076,1909f56bfc062723c751e8b465ee728b)  -> (artifact id: '01b11332a6abf14437ee26b422e8ad9f') in 0.001261 seconds
Number of updated asset objects reloaded before import = 0
Number of asset objects unloaded after import = 0
========================================================================
Received Import Request.
  Time since last request: 0.000021 seconds.
  path: Packages/com.unity.textmeshpro/Scripts/Runtime/Unity.TextMeshPro.asmdef
  artifactKey: Guid(6055be8ebefd69e48b49212b09b47b2f) Importer(815301076,1909f56bfc062723c751e8b465ee728b)
Start importing Packages/com.unity.textmeshpro/Scripts/Runtime/Unity.TextMeshPro.asmdef using Guid(6055be8ebefd69e48b49212b09b47b2f) Importer(815301076,1909f56bfc062723c751e8b465ee728b)  -> (artifact id: '59cbc3ee61744d923f67b2bf47c5a69b') in 0.000893 seconds
Number of updated asset objects reloaded before import = 0
Number of asset objects unloaded after import = 0
========================================================================
Received Import Request.
  Time since last request: 0.000046 seconds.
  path: Packages/com.unity.shadergraph/Tests/Editor/Unity.ShaderGraph.Editor.Tests.asmdef
  artifactKey: Guid(bf9b048907d0a604eab6a5552630c26d) Importer(815301076,1909f56bfc062723c751e8b465ee728b)
Start importing Packages/com.unity.shadergraph/Tests/Editor/Unity.ShaderGraph.Editor.Tests.asmdef using Guid(bf9b048907d0a604eab6a5552630c26d) Importer(815301076,1909f56bfc062723c751e8b465ee728b)  -> (artifact id: 'a0353af6ee8ece1c142fd5a51f8c6ad5') in 0.001223 seconds
Number of updated asset objects reloaded before import = 0
Number of asset objects unloaded after import = 0
========================================================================
Received Import Request.
  Time since last request: 0.000028 seconds.
  path: Packages/com.unity.render-pipelines.universal/Shaders/Unity.RenderPipelines.Universal.Shaders.asmdef
  artifactKey: Guid(b4517ec124862cb4bb3b8b27d72843a6) Importer(815301076,1909f56bfc062723c751e8b465ee728b)
Start importing Packages/com.unity.render-pipelines.universal/Shaders/Unity.RenderPipelines.Universal.Shaders.asmdef using Guid(b4517ec124862cb4bb3b8b27d72843a6) Importer(815301076,1909f56bfc062723c751e8b465ee728b)  -> (artifact id: 'c233007f2d62f7b0c47f9c86ecf201e1') in 0.001197 seconds
Number of updated asset objects reloaded before import = 0
Number of asset objects unloaded after import = 0
========================================================================
Received Import Request.
  Time since last request: 0.000024 seconds.
  path: Packages/com.unity.textmeshpro/Scripts/Editor/Unity.TextMeshPro.Editor.asmdef
  artifactKey: Guid(6546d7765b4165b40850b3667f981c26) Importer(815301076,1909f56bfc062723c751e8b465ee728b)
Start importing Packages/com.unity.textmeshpro/Scripts/Editor/Unity.TextMeshPro.Editor.asmdef using Guid(6546d7765b4165b40850b3667f981c26) Importer(815301076,1909f56bfc062723c751e8b465ee728b)  -> (artifact id: '5a9a20a185e98d1202adffbc9b3fd2e7') in 0.000873 seconds
Number of updated asset objects reloaded before import = 0
Number of asset objects unloaded after import = 0
========================================================================
Received Import Request.
  Time since last request: 0.931272 seconds.
  path: Packages/com.unity.textmeshpro/Tests/Runtime/Unity.TextMeshPro.Tests.asmdef
  artifactKey: Guid(bb05cab7d802aa5468f8f2f86840d984) Importer(815301076,1909f56bfc062723c751e8b465ee728b)
Start importing Packages/com.unity.textmeshpro/Tests/Runtime/Unity.TextMeshPro.Tests.asmdef using Guid(bb05cab7d802aa5468f8f2f86840d984) Importer(815301076,1909f56bfc062723c751e8b465ee728b)  -> (artifact id: '9c65ca0260e2e10cb129713f8d72b633') in 0.001326 seconds
Number of updated asset objects reloaded before import = 0
Number of asset objects unloaded after import = 0
========================================================================
Received Import Request.
  Time since last request: 0.000029 seconds.
  path: Packages/com.unity.timeline/Editor/Unity.Timeline.Editor.asmdef
  artifactKey: Guid(02f771204943f4a40949438e873e3eff) Importer(815301076,1909f56bfc062723c751e8b465ee728b)
Start importing Packages/com.unity.timeline/Editor/Unity.Timeline.Editor.asmdef using Guid(02f771204943f4a40949438e873e3eff) Importer(815301076,1909f56bfc062723c751e8b465ee728b)  -> (artifact id: '00e053b5504fba01cf1f90b00d4689cd') in 0.001412 seconds
Number of updated asset objects reloaded before import = 0
Number of asset objects unloaded after import = 0
========================================================================
Received Import Request.
  Time since last request: 0.475742 seconds.
  path: Packages/com.unity.test-framework/UnityEditor.TestRunner/UnityEditor.TestRunner.asmdef
  artifactKey: Guid(0acc523941302664db1f4e527237feb3) Importer(815301076,1909f56bfc062723c751e8b465ee728b)
Start importing Packages/com.unity.test-framework/UnityEditor.TestRunner/UnityEditor.TestRunner.asmdef using Guid(0acc523941302664db1f4e527237feb3) Importer(815301076,1909f56bfc062723c751e8b465ee728b)  -> (artifact id: '60eb55590071723972c3c47c2eb0ddab') in 0.000920 seconds
Number of updated asset objects reloaded before import = 0
Number of asset objects unloaded after import = 0
========================================================================
Received Import Request.
  Time since last request: 0.000023 seconds.
  path: Packages/com.unity.ugui/Tests/Editor/UnityEditor.UI.EditorTests.asmdef
  artifactKey: Guid(7c04f0dfa9243c04681a55d90d3ff3fc) Importer(815301076,1909f56bfc062723c751e8b465ee728b)
Start importing Packages/com.unity.ugui/Tests/Editor/UnityEditor.UI.EditorTests.asmdef using Guid(7c04f0dfa9243c04681a55d90d3ff3fc) Importer(815301076,1909f56bfc062723c751e8b465ee728b)  -> (artifact id: '5bba429397b6414e31eb526446f45e95') in 0.000867 seconds
Number of updated asset objects reloaded before import = 0
Number of asset objects unloaded after import = 0
========================================================================
Received Import Request.
  Time since last request: 0.000021 seconds.
  path: Packages/com.unity.test-framework/UnityEngine.TestRunner/UnityEngine.TestRunner.asmdef
  artifactKey: Guid(27619889b8ba8c24980f49ee34dbb44a) Importer(815301076,1909f56bfc062723c751e8b465ee728b)
Start importing Packages/com.unity.test-framework/UnityEngine.TestRunner/UnityEngine.TestRunner.asmdef using Guid(27619889b8ba8c24980f49ee34dbb44a) Importer(815301076,1909f56bfc062723c751e8b465ee728b)  -> (artifact id: '0961982a0e4d1c3eecc7ca30b7bcd276') in 0.001452 seconds
Number of updated asset objects reloaded before import = 0
Number of asset objects unloaded after import = 0
Editor requested this worker to shutdown with reason: Scaling down because of idle timeout
TcpMessagingSession - receive error: operation aborted. errorcode: 995, details:  /   -       .
AssetImportWorker is now disconnected from the server
Process exiting
Exiting without the bug reporter. Application will terminate with return code 0