Using pre-set license
Built from '2022.3/staging' branch; Version is '2022.3.3f1 (7cdc2969a641) revision 8182825'; Using compiler version '192829333'; Build Type 'Release'
OS: 'Windows 10  (10.0.19044) 64bit Professional' Language: 'ru' Physical Memory: 7561 MB
BatchMode: 1, IsHumanControllingUs: 0, StartBugReporterOnCrash: 0, Is64bit: 1, IsPro: 1

COMMAND LINE ARGUMENTS:
D:\games\Unity\Unity Files (Dont Touch)\2021.3.9f1\2022.3.3f1\Editor\Unity.exe
-adb2
-batchMode
-noUpm
-name
AssetImportWorker0
-projectPath
D:/games/DemoLeoFSM/DemoLeoFSM
-logFile
Logs/AssetImportWorker0.log
-srvPort
58782
Successfully changed project path to: D:/games/DemoLeoFSM/DemoLeoFSM
D:/games/DemoLeoFSM/DemoLeoFSM
[UnityMemory] Configuration Parameters - Can be set up in boot.config
    "memorysetup-bucket-allocator-granularity=16"
    "memorysetup-bucket-allocator-bucket-count=8"
    "memorysetup-bucket-allocator-block-size=33554432"
    "memorysetup-bucket-allocator-block-count=8"
    "memorysetup-main-allocator-block-size=16777216"
    "memorysetup-thread-allocator-block-size=16777216"
    "memorysetup-gfx-main-allocator-block-size=16777216"
    "memorysetup-gfx-thread-allocator-block-size=16777216"
    "memorysetup-cache-allocator-block-size=4194304"
    "memorysetup-typetree-allocator-block-size=2097152"
    "memorysetup-profiler-bucket-allocator-granularity=16"
    "memorysetup-profiler-bucket-allocator-bucket-count=8"
    "memorysetup-profiler-bucket-allocator-block-size=33554432"
    "memorysetup-profiler-bucket-allocator-block-count=8"
    "memorysetup-profiler-allocator-block-size=16777216"
    "memorysetup-profiler-editor-allocator-block-size=1048576"
    "memorysetup-temp-allocator-size-main=16777216"
    "memorysetup-job-temp-allocator-block-size=2097152"
    "memorysetup-job-temp-allocator-block-size-background=1048576"
    "memorysetup-job-temp-allocator-reduction-small-platforms=262144"
    "memorysetup-allocator-temp-initial-block-size-main=262144"
    "memorysetup-allocator-temp-initial-block-size-worker=262144"
    "memorysetup-temp-allocator-size-background-worker=32768"
    "memorysetup-temp-allocator-size-job-worker=262144"
    "memorysetup-temp-allocator-size-preload-manager=33554432"
    "memorysetup-temp-allocator-size-nav-mesh-worker=65536"
    "memorysetup-temp-allocator-size-audio-worker=65536"
    "memorysetup-temp-allocator-size-cloud-worker=32768"
    "memorysetup-temp-allocator-size-gi-baking-worker=262144"
    "memorysetup-temp-allocator-size-gfx=262144"
Player connection [12440] Host "[IP] 192.168.162.120 [Port] 0 [Flags] 2 [Guid] 2404753881 [EditorId] 2404753881 [Version] 1048832 [Id] WindowsEditor(7,DESKTOP-J7U7MAN) [Debug] 1 [PackageName] WindowsEditor [ProjectName] Editor" joined multi-casting on [225.0.0.222:54997]...

Player connection [12440] Host "[IP] 192.168.162.120 [Port] 0 [Flags] 2 [Guid] 2404753881 [EditorId] 2404753881 [Version] 1048832 [Id] WindowsEditor(7,DESKTOP-J7U7MAN) [Debug] 1 [PackageName] WindowsEditor [ProjectName] Editor" joined alternative multi-casting on [225.0.0.222:34997]...

Refreshing native plugins compatible for Editor in 93.58 ms, found 4 plugins.
Preloading 0 native plugins for Editor in 0.00 ms.
Initialize engine version: 2022.3.3f1 (7cdc2969a641)
[Subsystems] Discovering subsystems at path D:/games/Unity/Unity Files (Dont Touch)/2021.3.9f1/2022.3.3f1/Editor/Data/Resources/UnitySubsystems
[Subsystems] Discovering subsystems at path D:/games/DemoLeoFSM/DemoLeoFSM/Assets
GfxDevice: creating device client; threaded=0; jobified=0
Direct3D:
    Version:  Direct3D 11.0 [level 11.1]
    Renderer: AMD Radeon (TM) Graphics (ID=0x15e7)
    Vendor:   ATI
    VRAM:     3780 MB
    Driver:   31.0.12018.5
Initialize mono
Mono path[0] = 'D:/games/Unity/Unity Files (Dont Touch)/2021.3.9f1/2022.3.3f1/Editor/Data/Managed'
Mono path[1] = 'D:/games/Unity/Unity Files (Dont Touch)/2021.3.9f1/2022.3.3f1/Editor/Data/MonoBleedingEdge/lib/mono/unityjit-win32'
Mono config path = 'D:/games/Unity/Unity Files (Dont Touch)/2021.3.9f1/2022.3.3f1/Editor/Data/MonoBleedingEdge/etc'
Using monoOptions --debugger-agent=transport=dt_socket,embedding=1,server=y,suspend=n,address=127.0.0.1:56944
Begin MonoManager ReloadAssembly
Registering precompiled unity dll's ...
Register platform support module: D:/games/Unity/Unity Files (Dont Touch)/2021.3.9f1/2022.3.3f1/Editor/Data/PlaybackEngines/AndroidPlayer/UnityEditor.Android.Extensions.dll
Register platform support module: D:/games/Unity/Unity Files (Dont Touch)/2021.3.9f1/2022.3.3f1/Editor/Data/PlaybackEngines/iOSSupport/UnityEditor.iOS.Extensions.dll
Register platform support module: D:/games/Unity/Unity Files (Dont Touch)/2021.3.9f1/2022.3.3f1/Editor/Data/PlaybackEngines/WindowsStandaloneSupport/UnityEditor.WindowsStandalone.Extensions.dll
Registered in 0.067852 seconds.
- Loaded All Assemblies, in  3.838 seconds
Native extension for WindowsStandalone target not found
[usbmuxd] Start listen thread
[usbmuxd] Listen thread started
Native extension for iOS target not found
Native extension for Android target not found
Android Extension - Scanning For ADB Devices 1815 ms
Mono: successfully reloaded assembly
- Finished resetting the current domain, in  3.834 seconds
Domain Reload Profiling: 7673ms
	BeginReloadAssembly (996ms)
		ExecutionOrderSort (0ms)
		DisableScriptedObjects (0ms)
		BackupInstance (0ms)
		ReleaseScriptingObjects (0ms)
		CreateAndSetChildDomain (3ms)
	RebuildCommonClasses (479ms)
	RebuildNativeTypeToScriptingClass (122ms)
	initialDomainReloadingComplete (863ms)
	LoadAllAssembliesAndSetupDomain (1375ms)
		LoadAssemblies (992ms)
		RebuildTransferFunctionScriptingTraits (0ms)
		AnalyzeDomain (1356ms)
			TypeCache.Refresh (1351ms)
				TypeCache.ScanAssembly (1291ms)
			ScanForSourceGeneratedMonoScriptInfo (2ms)
			ResolveRequiredComponents (3ms)
	FinalizeReload (3838ms)
		ReleaseScriptCaches (0ms)
		RebuildScriptCaches (0ms)
		SetupLoadedEditorAssemblies (3415ms)
			LogAssemblyErrors (0ms)
			InitializePlatformSupportModulesInManaged (2478ms)
			SetLoadedEditorAssemblies (19ms)
			RefreshPlugins (0ms)
			BeforeProcessingInitializeOnLoad (16ms)
			ProcessInitializeOnLoadAttributes (647ms)
			ProcessInitializeOnLoadMethodAttributes (255ms)
			AfterProcessingInitializeOnLoad (0ms)
			EditorAssembliesLoaded (0ms)
		ExecutionOrderSort2 (0ms)
		AwakeInstancesAfterBackupRestoration (0ms)
========================================================================
Worker process is ready to serve import requests
Begin MonoManager ReloadAssembly
Symbol file LoadedFromMemory doesn't match image D:\games\DemoLeoFSM\DemoLeoFSM\Library\PackageCache\com.unity.visualscripting@1.8.0\Editor\VisualScripting.Core\Dependencies\YamlDotNet\Unity.VisualScripting.YamlDotNet.dll
Symbol file LoadedFromMemory doesn't match image D:\games\DemoLeoFSM\DemoLeoFSM\Library\PackageCache\com.unity.visualscripting@1.8.0\Editor\VisualScripting.Core\Dependencies\DotNetZip\Unity.VisualScripting.IonicZip.dll
- Loaded All Assemblies, in  6.937 seconds
Refreshing native plugins compatible for Editor in 15.35 ms, found 4 plugins.
Native extension for WindowsStandalone target not found
Native extension for iOS target not found
Native extension for Android target not found
Package Manager log level set to [2]
[Package Manager] Server::EnsureServerProcessIsRunning -- launch failed, reason: Unity was launched with the -noUpm command-line argument
[Package Manager] UpmClient::Send -- Unable to send message (not connected to UPM process).
[Package Manager] Cannot connect to Unity Package Manager local server
Mono: successfully reloaded assembly
- Finished resetting the current domain, in  3.370 seconds
Domain Reload Profiling: 10299ms
	BeginReloadAssembly (785ms)
		ExecutionOrderSort (0ms)
		DisableScriptedObjects (31ms)
		BackupInstance (0ms)
		ReleaseScriptingObjects (1ms)
		CreateAndSetChildDomain (153ms)
	RebuildCommonClasses (181ms)
	RebuildNativeTypeToScriptingClass (45ms)
	initialDomainReloadingComplete (193ms)
	LoadAllAssembliesAndSetupDomain (5722ms)
		LoadAssemblies (2673ms)
		RebuildTransferFunctionScriptingTraits (0ms)
		AnalyzeDomain (3409ms)
			TypeCache.Refresh (3121ms)
				TypeCache.ScanAssembly (2633ms)
			ScanForSourceGeneratedMonoScriptInfo (223ms)
			ResolveRequiredComponents (64ms)
	FinalizeReload (3372ms)
		ReleaseScriptCaches (0ms)
		RebuildScriptCaches (0ms)
		SetupLoadedEditorAssemblies (2501ms)
			LogAssemblyErrors (0ms)
			InitializePlatformSupportModulesInManaged (106ms)
			SetLoadedEditorAssemblies (16ms)
			RefreshPlugins (0ms)
			BeforeProcessingInitializeOnLoad (315ms)
			ProcessInitializeOnLoadAttributes (1698ms)
			ProcessInitializeOnLoadMethodAttributes (354ms)
			AfterProcessingInitializeOnLoad (12ms)
			EditorAssembliesLoaded (1ms)
		ExecutionOrderSort2 (0ms)
		AwakeInstancesAfterBackupRestoration (15ms)
Launched and connected shader compiler UnityShaderCompiler.exe after 0.28 seconds
Refreshing native plugins compatible for Editor in 15.09 ms, found 4 plugins.
Preloading 0 native plugins for Editor in 0.00 ms.
Unloading 7536 Unused Serialized files (Serialized files now loaded: 0)
Unloading 129 unused Assets / (0.6 MB). Loaded Objects now: 8074.
Memory consumption went from 274.7 MB to 274.1 MB.
Total: 121.781800 ms (FindLiveObjects: 5.823700 ms CreateObjectMapping: 7.363300 ms MarkObjects: 106.286400 ms  DeleteObjects: 2.261500 ms)

AssetImportParameters requested are different than current active one (requested -> active):
  custom:container-demuxer-ogg: 62fdf1f143b41e24485cea50d1cbac27 -> 
  custom:framework-win-MediaFoundation: 216162199b28c13a410421893ffa2e32 -> 
  custom:container-muxer-webm: aa71ff27fc2769a1b78a27578f13a17b -> 
  custom:video-decoder-webm-vp8: 9c59270c3fd7afecdb556c50c9e8de78 -> 
  custom:AudioImporter_EditorPlatform: d09bf68614088b80899f8185d706f6e7 -> 
  custom:audio-decoder-ogg-vorbis: bf7c407c2cedff20999df2af8eb42d56 -> 
  custom:audio-encoder-webm-vorbis: bf7c407c2cedff20999df2af8eb42d56 -> 
  custom:video-decoder-ogg-theora: a1e56fd34408186e4bbccfd4996cb3dc -> 
  custom:container-demuxer-webm: 4f35f7cbe854078d1ac9338744f61a02 -> 
  custom:video-encoder-webm-vp8: eb34c28f22e8b96e1ab97ce403110664 -> 
========================================================================
Received Import Request.
  Time since last request: 3274.805784 seconds.
  path: Assets/Scripts
  artifactKey: Guid(eb51aaf5013d58f44892055e653efd08) Importer(815301076,1909f56bfc062723c751e8b465ee728b)
Start importing Assets/Scripts using Guid(eb51aaf5013d58f44892055e653efd08) Importer(815301076,1909f56bfc062723c751e8b465ee728b)  -> (artifact id: '55ca462a913b32245b1fd128f4a98a85') in 0.107593 seconds
Number of updated asset objects reloaded before import = 0
Number of asset objects unloaded after import = 0
========================================================================
Received Prepare
Begin MonoManager ReloadAssembly
Symbol file LoadedFromMemory doesn't match image D:\games\DemoLeoFSM\DemoLeoFSM\Library\PackageCache\com.unity.visualscripting@1.8.0\Editor\VisualScripting.Core\Dependencies\YamlDotNet\Unity.VisualScripting.YamlDotNet.dll
Symbol file LoadedFromMemory doesn't match image D:\games\DemoLeoFSM\DemoLeoFSM\Library\PackageCache\com.unity.visualscripting@1.8.0\Editor\VisualScripting.Core\Dependencies\DotNetZip\Unity.VisualScripting.IonicZip.dll
- Loaded All Assemblies, in  6.692 seconds
Refreshing native plugins compatible for Editor in 15.06 ms, found 4 plugins.
Native extension for WindowsStandalone target not found
Native extension for iOS target not found
Native extension for Android target not found
[Package Manager] Server::EnsureServerProcessIsRunning -- launch failed, reason: Unity was launched with the -noUpm command-line argument
[Package Manager] UpmClient::Send -- Unable to send message (not connected to UPM process).
[Package Manager] Cannot connect to Unity Package Manager local server
Mono: successfully reloaded assembly
- Finished resetting the current domain, in  7.833 seconds
Domain Reload Profiling: 14524ms
	BeginReloadAssembly (2049ms)
		ExecutionOrderSort (0ms)
		DisableScriptedObjects (213ms)
		BackupInstance (0ms)
		ReleaseScriptingObjects (2ms)
		CreateAndSetChildDomain (1181ms)
	RebuildCommonClasses (67ms)
	RebuildNativeTypeToScriptingClass (21ms)
	initialDomainReloadingComplete (71ms)
	LoadAllAssembliesAndSetupDomain (4480ms)
		LoadAssemblies (3035ms)
		RebuildTransferFunctionScriptingTraits (0ms)
		AnalyzeDomain (1598ms)
			TypeCache.Refresh (1502ms)
				TypeCache.ScanAssembly (1182ms)
			ScanForSourceGeneratedMonoScriptInfo (46ms)
			ResolveRequiredComponents (50ms)
	FinalizeReload (7835ms)
		ReleaseScriptCaches (0ms)
		RebuildScriptCaches (0ms)
		SetupLoadedEditorAssemblies (1836ms)
			LogAssemblyErrors (0ms)
			InitializePlatformSupportModulesInManaged (133ms)
			SetLoadedEditorAssemblies (32ms)
			RefreshPlugins (0ms)
			BeforeProcessingInitializeOnLoad (338ms)
			ProcessInitializeOnLoadAttributes (1126ms)
			ProcessInitializeOnLoadMethodAttributes (197ms)
			AfterProcessingInitializeOnLoad (8ms)
			EditorAssembliesLoaded (1ms)
		ExecutionOrderSort2 (0ms)
		AwakeInstancesAfterBackupRestoration (43ms)
Refreshing native plugins compatible for Editor in 11.50 ms, found 4 plugins.
Preloading 0 native plugins for Editor in 0.00 ms.
Unloading 7073 Unused Serialized files (Serialized files now loaded: 0)
Unloading 293 unused Assets / (0.7 MB). Loaded Objects now: 7863.
Memory consumption went from 239.0 MB to 238.4 MB.
Total: 42.669900 ms (FindLiveObjects: 1.614600 ms CreateObjectMapping: 0.526600 ms MarkObjects: 36.156100 ms  DeleteObjects: 4.367100 ms)

Prepare: number of updated asset objects reloaded= 0
AssetImportParameters requested are different than current active one (requested -> active):
  custom:container-demuxer-ogg: 62fdf1f143b41e24485cea50d1cbac27 -> 
  custom:framework-win-MediaFoundation: 216162199b28c13a410421893ffa2e32 -> 
  custom:container-muxer-webm: aa71ff27fc2769a1b78a27578f13a17b -> 
  custom:video-decoder-webm-vp8: 9c59270c3fd7afecdb556c50c9e8de78 -> 
  custom:AudioImporter_EditorPlatform: d09bf68614088b80899f8185d706f6e7 -> 
  custom:audio-decoder-ogg-vorbis: bf7c407c2cedff20999df2af8eb42d56 -> 
  custom:audio-encoder-webm-vorbis: bf7c407c2cedff20999df2af8eb42d56 -> 
  custom:video-decoder-ogg-theora: a1e56fd34408186e4bbccfd4996cb3dc -> 
  custom:container-demuxer-webm: 4f35f7cbe854078d1ac9338744f61a02 -> 
  custom:video-encoder-webm-vp8: eb34c28f22e8b96e1ab97ce403110664 -> 
========================================================================
Received Prepare
Assembly with name 'Leopotam.EcsLite' already exists (Assets/Packages/ECS/ecslite-master/Leopotam.EcsLite.asmdef)
Assembly with name 'Leopotam.EcsLite' already exists (Packages/com.leopotam.ecslite/Leopotam.EcsLite.asmdef)
Assembly with name 'Leopotam.EcsLite' already exists (Assets/Packages/ECS/ecslite-master/Leopotam.EcsLite.asmdef)
Assembly with name 'Leopotam.EcsLite' already exists (Packages/com.leopotam.ecslite/Leopotam.EcsLite.asmdef)
Begin MonoManager ReloadAssembly
Symbol file LoadedFromMemory doesn't match image D:\games\DemoLeoFSM\DemoLeoFSM\Library\PackageCache\com.unity.visualscripting@1.8.0\Editor\VisualScripting.Core\Dependencies\YamlDotNet\Unity.VisualScripting.YamlDotNet.dll
Symbol file LoadedFromMemory doesn't match image D:\games\DemoLeoFSM\DemoLeoFSM\Library\PackageCache\com.unity.visualscripting@1.8.0\Editor\VisualScripting.Core\Dependencies\DotNetZip\Unity.VisualScripting.IonicZip.dll
- Loaded All Assemblies, in 15.947 seconds
Refreshing native plugins compatible for Editor in 36.32 ms, found 4 plugins.
Native extension for WindowsStandalone target not found
Native extension for iOS target not found
Native extension for Android target not found
Assembly with name 'Leopotam.EcsLite' already exists (Assets/Packages/ECS/ecslite-master/Leopotam.EcsLite.asmdef)
Assembly with name 'Leopotam.EcsLite' already exists (Packages/com.leopotam.ecslite/Leopotam.EcsLite.asmdef)
[Package Manager] Server::EnsureServerProcessIsRunning -- launch failed, reason: Unity was launched with the -noUpm command-line argument
[Package Manager] UpmClient::Send -- Unable to send message (not connected to UPM process).
[Package Manager] Cannot connect to Unity Package Manager local server
Mono: successfully reloaded assembly
- Finished resetting the current domain, in  9.020 seconds
Domain Reload Profiling: 24974ms
	BeginReloadAssembly (6153ms)
		ExecutionOrderSort (0ms)
		DisableScriptedObjects (298ms)
		BackupInstance (0ms)
		ReleaseScriptingObjects (14ms)
		CreateAndSetChildDomain (4925ms)
	RebuildCommonClasses (250ms)
	RebuildNativeTypeToScriptingClass (67ms)
	initialDomainReloadingComplete (274ms)
	LoadAllAssembliesAndSetupDomain (9205ms)
		LoadAssemblies (5163ms)
		RebuildTransferFunctionScriptingTraits (0ms)
		AnalyzeDomain (4321ms)
			TypeCache.Refresh (4154ms)
				TypeCache.ScanAssembly (3018ms)
			ScanForSourceGeneratedMonoScriptInfo (87ms)
			ResolveRequiredComponents (79ms)
	FinalizeReload (9024ms)
		ReleaseScriptCaches (0ms)
		RebuildScriptCaches (0ms)
		SetupLoadedEditorAssemblies (2840ms)
			LogAssemblyErrors (0ms)
			InitializePlatformSupportModulesInManaged (134ms)
			SetLoadedEditorAssemblies (16ms)
			RefreshPlugins (0ms)
			BeforeProcessingInitializeOnLoad (416ms)
			ProcessInitializeOnLoadAttributes (2012ms)
			ProcessInitializeOnLoadMethodAttributes (253ms)
			AfterProcessingInitializeOnLoad (8ms)
			EditorAssembliesLoaded (2ms)
		ExecutionOrderSort2 (0ms)
		AwakeInstancesAfterBackupRestoration (56ms)
Refreshing native plugins compatible for Editor in 23.46 ms, found 4 plugins.
Preloading 0 native plugins for Editor in 0.00 ms.
Unloading 7078 Unused Serialized files (Serialized files now loaded: 0)
Unloading 64 unused Assets / (0.6 MB). Loaded Objects now: 7885.
Memory consumption went from 239.0 MB to 238.5 MB.
Total: 49.323200 ms (FindLiveObjects: 9.085600 ms CreateObjectMapping: 1.288900 ms MarkObjects: 38.369400 ms  DeleteObjects: 0.576900 ms)

Prepare: number of updated asset objects reloaded= 0
AssetImportParameters requested are different than current active one (requested -> active):
  custom:container-demuxer-ogg: 62fdf1f143b41e24485cea50d1cbac27 -> 
  custom:framework-win-MediaFoundation: 216162199b28c13a410421893ffa2e32 -> 
  custom:container-muxer-webm: aa71ff27fc2769a1b78a27578f13a17b -> 
  custom:video-decoder-webm-vp8: 9c59270c3fd7afecdb556c50c9e8de78 -> 
  custom:AudioImporter_EditorPlatform: d09bf68614088b80899f8185d706f6e7 -> 
  custom:audio-decoder-ogg-vorbis: bf7c407c2cedff20999df2af8eb42d56 -> 
  custom:audio-encoder-webm-vorbis: bf7c407c2cedff20999df2af8eb42d56 -> 
  custom:video-decoder-ogg-theora: a1e56fd34408186e4bbccfd4996cb3dc -> 
  custom:container-demuxer-webm: 4f35f7cbe854078d1ac9338744f61a02 -> 
  custom:video-encoder-webm-vp8: eb34c28f22e8b96e1ab97ce403110664 -> 
========================================================================
Received Prepare
Assembly with name 'Leopotam.EcsLite' already exists (Assets/Packages/ECS/ecslite-master/Leopotam.EcsLite.asmdef)
Assembly with name 'Leopotam.EcsLite' already exists (Packages/com.leopotam.ecslite/Leopotam.EcsLite.asmdef)
Script 'Packages/com.affencode.leoecslite-zoo/Scripts/Globals/RegisterGlobal.cs' will not be compiled because it exists outside the Assets folder and does not to belong to any assembly definition file.
Script 'Packages/com.affencode.leoecslite-zoo/Scripts/Conversion/ConvertToEntity.cs' will not be compiled because it exists outside the Assets folder and does not to belong to any assembly definition file.
Script 'Packages/com.affencode.leoecslite-zoo/Scripts/Injection/LeoEcsLiteInjector.cs' will not be compiled because it exists outside the Assets folder and does not to belong to any assembly definition file.
Script 'Packages/com.affencode.leoecslite-zoo/Scripts/Injection/Inject.cs' will not be compiled because it exists outside the Assets folder and does not to belong to any assembly definition file.
Script 'Packages/com.affencode.leoecslite-zoo/Scripts/Globals/Globals.cs' will not be compiled because it exists outside the Assets folder and does not to belong to any assembly definition file.
Script 'Packages/com.affencode.leoecslite-zoo/Scripts/FeatureBased/FeaturedEcsStartup.cs' will not be compiled because it exists outside the Assets folder and does not to belong to any assembly definition file.
Script 'Packages/com.affencode.leoecslite-zoo/Scripts/EcsWorldProvider.cs' will not be compiled because it exists outside the Assets folder and does not to belong to any assembly definition file.
Script 'Packages/com.affencode.leoecslite-zoo/Scripts/FeatureBased/EcsFeature.cs' will not be compiled because it exists outside the Assets folder and does not to belong to any assembly definition file.
Script 'Packages/com.affencode.leoecslite-zoo/Scripts/Injection/GlobalMonoBehaviour.cs' will not be compiled because it exists outside the Assets folder and does not to belong to any assembly definition file.
Script 'Packages/com.affencode.leoecslite-zoo/Scripts/Conversion/IConvertToEntity.cs' will not be compiled because it exists outside the Assets folder and does not to belong to any assembly definition file.
Script 'Packages/com.affencode.leoecslite-zoo/Scripts/Extensions/EcsEx.cs' will not be compiled because it exists outside the Assets folder and does not to belong to any assembly definition file.
Script 'Packages/com.affencode.leoecslite-zoo/Scripts/OneFrame/OneFrameSystem.cs' will not be compiled because it exists outside the Assets folder and does not to belong to any assembly definition file.
Script 'Packages/com.affencode.leoecslite-zoo/Scripts/Extensions/UnityEx.cs' will not be compiled because it exists outside the Assets folder and does not to belong to any assembly definition file.
Script 'Packages/com.affencode.leoecslite-zoo/Scripts/Injection/InjectableMonoBehaviour.cs' will not be compiled because it exists outside the Assets folder and does not to belong to any assembly definition file.
Script 'Packages/com.affencode.leoecslite-zoo/Scripts/FeatureBased/SystemType.cs' will not be compiled because it exists outside the Assets folder and does not to belong to any assembly definition file.
Script 'Packages/com.affencode.leoecslite-zoo/Scripts/OneFrame/OneFrameEx.cs' will not be compiled because it exists outside the Assets folder and does not to belong to any assembly definition file.
Script 'Packages/com.affencode.leoecslite-zoo/Scripts/Conversion/ConvertComponent.cs' will not be compiled because it exists outside the Assets folder and does not to belong to any assembly definition file.
Script 'Packages/com.affencode.leoecslite-zoo/Scripts/Components.cs' will not be compiled because it exists outside the Assets folder and does not to belong to any assembly definition file.
Script 'Packages/com.affencode.leoecslite-zoo/Scripts/FeatureBased/FeatureEcsSystems.cs' will not be compiled because it exists outside the Assets folder and does not to belong to any assembly definition file.
Script 'Packages/com.affencode.leoecslite-zoo/Scripts/EcsStartup.cs' will not be compiled because it exists outside the Assets folder and does not to belong to any assembly definition file.
Script 'Packages/com.affencode.leoecslite-zoo/Scripts/Conversion/UnityObjectProvider.cs' will not be compiled because it exists outside the Assets folder and does not to belong to any assembly definition file.
Script 'Packages/com.affencode.leoecslite-zoo/Scripts/Conversion/ConversionEnums.cs' will not be compiled because it exists outside the Assets folder and does not to belong to any assembly definition file.
Assembly with name 'Leopotam.EcsLite' already exists (Assets/Packages/ECS/ecslite-master/Leopotam.EcsLite.asmdef)
Assembly with name 'Leopotam.EcsLite' already exists (Packages/com.leopotam.ecslite/Leopotam.EcsLite.asmdef)
Script 'Packages/com.affencode.leoecslite-zoo/Scripts/Globals/RegisterGlobal.cs' will not be compiled because it exists outside the Assets folder and does not to belong to any assembly definition file.
Script 'Packages/com.affencode.leoecslite-zoo/Scripts/Conversion/ConvertToEntity.cs' will not be compiled because it exists outside the Assets folder and does not to belong to any assembly definition file.
Script 'Packages/com.affencode.leoecslite-zoo/Scripts/Injection/LeoEcsLiteInjector.cs' will not be compiled because it exists outside the Assets folder and does not to belong to any assembly definition file.
Script 'Packages/com.affencode.leoecslite-zoo/Scripts/Injection/Inject.cs' will not be compiled because it exists outside the Assets folder and does not to belong to any assembly definition file.
Script 'Packages/com.affencode.leoecslite-zoo/Scripts/Globals/Globals.cs' will not be compiled because it exists outside the Assets folder and does not to belong to any assembly definition file.
Script 'Packages/com.affencode.leoecslite-zoo/Scripts/FeatureBased/FeaturedEcsStartup.cs' will not be compiled because it exists outside the Assets folder and does not to belong to any assembly definition file.
Script 'Packages/com.affencode.leoecslite-zoo/Scripts/EcsWorldProvider.cs' will not be compiled because it exists outside the Assets folder and does not to belong to any assembly definition file.
Script 'Packages/com.affencode.leoecslite-zoo/Scripts/FeatureBased/EcsFeature.cs' will not be compiled because it exists outside the Assets folder and does not to belong to any assembly definition file.
Script 'Packages/com.affencode.leoecslite-zoo/Scripts/Injection/GlobalMonoBehaviour.cs' will not be compiled because it exists outside the Assets folder and does not to belong to any assembly definition file.
Script 'Packages/com.affencode.leoecslite-zoo/Scripts/Conversion/IConvertToEntity.cs' will not be compiled because it exists outside the Assets folder and does not to belong to any assembly definition file.
Script 'Packages/com.affencode.leoecslite-zoo/Scripts/Extensions/EcsEx.cs' will not be compiled because it exists outside the Assets folder and does not to belong to any assembly definition file.
Script 'Packages/com.affencode.leoecslite-zoo/Scripts/OneFrame/OneFrameSystem.cs' will not be compiled because it exists outside the Assets folder and does not to belong to any assembly definition file.
Script 'Packages/com.affencode.leoecslite-zoo/Scripts/Extensions/UnityEx.cs' will not be compiled because it exists outside the Assets folder and does not to belong to any assembly definition file.
Script 'Packages/com.affencode.leoecslite-zoo/Scripts/Injection/InjectableMonoBehaviour.cs' will not be compiled because it exists outside the Assets folder and does not to belong to any assembly definition file.
Script 'Packages/com.affencode.leoecslite-zoo/Scripts/FeatureBased/SystemType.cs' will not be compiled because it exists outside the Assets folder and does not to belong to any assembly definition file.
Script 'Packages/com.affencode.leoecslite-zoo/Scripts/OneFrame/OneFrameEx.cs' will not be compiled because it exists outside the Assets folder and does not to belong to any assembly definition file.
Script 'Packages/com.affencode.leoecslite-zoo/Scripts/Conversion/ConvertComponent.cs' will not be compiled because it exists outside the Assets folder and does not to belong to any assembly definition file.
Script 'Packages/com.affencode.leoecslite-zoo/Scripts/Components.cs' will not be compiled because it exists outside the Assets folder and does not to belong to any assembly definition file.
Script 'Packages/com.affencode.leoecslite-zoo/Scripts/FeatureBased/FeatureEcsSystems.cs' will not be compiled because it exists outside the Assets folder and does not to belong to any assembly definition file.
Script 'Packages/com.affencode.leoecslite-zoo/Scripts/EcsStartup.cs' will not be compiled because it exists outside the Assets folder and does not to belong to any assembly definition file.
Script 'Packages/com.affencode.leoecslite-zoo/Scripts/Conversion/UnityObjectProvider.cs' will not be compiled because it exists outside the Assets folder and does not to belong to any assembly definition file.
Script 'Packages/com.affencode.leoecslite-zoo/Scripts/Conversion/ConversionEnums.cs' will not be compiled because it exists outside the Assets folder and does not to belong to any assembly definition file.
Begin MonoManager ReloadAssembly
Symbol file LoadedFromMemory doesn't match image D:\games\DemoLeoFSM\DemoLeoFSM\Library\PackageCache\com.unity.visualscripting@1.8.0\Editor\VisualScripting.Core\Dependencies\YamlDotNet\Unity.VisualScripting.YamlDotNet.dll
Symbol file LoadedFromMemory doesn't match image D:\games\DemoLeoFSM\DemoLeoFSM\Library\PackageCache\com.unity.visualscripting@1.8.0\Editor\VisualScripting.Core\Dependencies\DotNetZip\Unity.VisualScripting.IonicZip.dll
- Loaded All Assemblies, in  7.478 seconds
Refreshing native plugins compatible for Editor in 14.71 ms, found 4 plugins.
Native extension for WindowsStandalone target not found
Native extension for iOS target not found
Native extension for Android target not found
Assembly with name 'Leopotam.EcsLite' already exists (Assets/Packages/ECS/ecslite-master/Leopotam.EcsLite.asmdef)
Assembly with name 'Leopotam.EcsLite' already exists (Packages/com.leopotam.ecslite/Leopotam.EcsLite.asmdef)
Script 'Packages/com.affencode.leoecslite-zoo/Scripts/Globals/RegisterGlobal.cs' will not be compiled because it exists outside the Assets folder and does not to belong to any assembly definition file.
Script 'Packages/com.affencode.leoecslite-zoo/Scripts/Conversion/ConvertToEntity.cs' will not be compiled because it exists outside the Assets folder and does not to belong to any assembly definition file.
Script 'Packages/com.affencode.leoecslite-zoo/Scripts/Injection/LeoEcsLiteInjector.cs' will not be compiled because it exists outside the Assets folder and does not to belong to any assembly definition file.
Script 'Packages/com.affencode.leoecslite-zoo/Scripts/Injection/Inject.cs' will not be compiled because it exists outside the Assets folder and does not to belong to any assembly definition file.
Script 'Packages/com.affencode.leoecslite-zoo/Scripts/Globals/Globals.cs' will not be compiled because it exists outside the Assets folder and does not to belong to any assembly definition file.
Script 'Packages/com.affencode.leoecslite-zoo/Scripts/FeatureBased/FeaturedEcsStartup.cs' will not be compiled because it exists outside the Assets folder and does not to belong to any assembly definition file.
Script 'Packages/com.affencode.leoecslite-zoo/Scripts/EcsWorldProvider.cs' will not be compiled because it exists outside the Assets folder and does not to belong to any assembly definition file.
Script 'Packages/com.affencode.leoecslite-zoo/Scripts/FeatureBased/EcsFeature.cs' will not be compiled because it exists outside the Assets folder and does not to belong to any assembly definition file.
Script 'Packages/com.affencode.leoecslite-zoo/Scripts/Injection/GlobalMonoBehaviour.cs' will not be compiled because it exists outside the Assets folder and does not to belong to any assembly definition file.
Script 'Packages/com.affencode.leoecslite-zoo/Scripts/Conversion/IConvertToEntity.cs' will not be compiled because it exists outside the Assets folder and does not to belong to any assembly definition file.
Script 'Packages/com.affencode.leoecslite-zoo/Scripts/Extensions/EcsEx.cs' will not be compiled because it exists outside the Assets folder and does not to belong to any assembly definition file.
Script 'Packages/com.affencode.leoecslite-zoo/Scripts/OneFrame/OneFrameSystem.cs' will not be compiled because it exists outside the Assets folder and does not to belong to any assembly definition file.
Script 'Packages/com.affencode.leoecslite-zoo/Scripts/Extensions/UnityEx.cs' will not be compiled because it exists outside the Assets folder and does not to belong to any assembly definition file.
Script 'Packages/com.affencode.leoecslite-zoo/Scripts/Injection/InjectableMonoBehaviour.cs' will not be compiled because it exists outside the Assets folder and does not to belong to any assembly definition file.
Script 'Packages/com.affencode.leoecslite-zoo/Scripts/FeatureBased/SystemType.cs' will not be compiled because it exists outside the Assets folder and does not to belong to any assembly definition file.
Script 'Packages/com.affencode.leoecslite-zoo/Scripts/OneFrame/OneFrameEx.cs' will not be compiled because it exists outside the Assets folder and does not to belong to any assembly definition file.
Script 'Packages/com.affencode.leoecslite-zoo/Scripts/Conversion/ConvertComponent.cs' will not be compiled because it exists outside the Assets folder and does not to belong to any assembly definition file.
Script 'Packages/com.affencode.leoecslite-zoo/Scripts/Components.cs' will not be compiled because it exists outside the Assets folder and does not to belong to any assembly definition file.
Script 'Packages/com.affencode.leoecslite-zoo/Scripts/FeatureBased/FeatureEcsSystems.cs' will not be compiled because it exists outside the Assets folder and does not to belong to any assembly definition file.
Script 'Packages/com.affencode.leoecslite-zoo/Scripts/EcsStartup.cs' will not be compiled because it exists outside the Assets folder and does not to belong to any assembly definition file.
Script 'Packages/com.affencode.leoecslite-zoo/Scripts/Conversion/UnityObjectProvider.cs' will not be compiled because it exists outside the Assets folder and does not to belong to any assembly definition file.
Script 'Packages/com.affencode.leoecslite-zoo/Scripts/Conversion/ConversionEnums.cs' will not be compiled because it exists outside the Assets folder and does not to belong to any assembly definition file.
[Package Manager] Server::EnsureServerProcessIsRunning -- launch failed, reason: Unity was launched with the -noUpm command-line argument
[Package Manager] UpmClient::Send -- Unable to send message (not connected to UPM process).
[Package Manager] Cannot connect to Unity Package Manager local server
Mono: successfully reloaded assembly
- Finished resetting the current domain, in  4.303 seconds
Domain Reload Profiling: 11786ms
	BeginReloadAssembly (2578ms)
		ExecutionOrderSort (1ms)
		DisableScriptedObjects (783ms)
		BackupInstance (0ms)
		ReleaseScriptingObjects (3ms)
		CreateAndSetChildDomain (822ms)
	RebuildCommonClasses (145ms)
	RebuildNativeTypeToScriptingClass (30ms)
	initialDomainReloadingComplete (139ms)
	LoadAllAssembliesAndSetupDomain (4590ms)
		LoadAssemblies (2873ms)
		RebuildTransferFunctionScriptingTraits (0ms)
		AnalyzeDomain (1903ms)
			TypeCache.Refresh (1753ms)
				TypeCache.ScanAssembly (1031ms)
			ScanForSourceGeneratedMonoScriptInfo (100ms)
			ResolveRequiredComponents (50ms)
	FinalizeReload (4304ms)
		ReleaseScriptCaches (0ms)
		RebuildScriptCaches (0ms)
		SetupLoadedEditorAssemblies (1289ms)
			LogAssemblyErrors (0ms)
			InitializePlatformSupportModulesInManaged (72ms)
			SetLoadedEditorAssemblies (8ms)
			RefreshPlugins (0ms)
			BeforeProcessingInitializeOnLoad (296ms)
			ProcessInitializeOnLoadAttributes (755ms)
			ProcessInitializeOnLoadMethodAttributes (151ms)
			AfterProcessingInitializeOnLoad (7ms)
			EditorAssembliesLoaded (0ms)
		ExecutionOrderSort2 (0ms)
		AwakeInstancesAfterBackupRestoration (37ms)
Refreshing native plugins compatible for Editor in 11.17 ms, found 4 plugins.
Preloading 0 native plugins for Editor in 0.00 ms.
Unloading 7211 Unused Serialized files (Serialized files now loaded: 0)
Unloading 64 unused Assets / (0.6 MB). Loaded Objects now: 8035.
Memory consumption went from 241.6 MB to 241.0 MB.
Total: 11.711500 ms (FindLiveObjects: 0.823500 ms CreateObjectMapping: 0.453900 ms MarkObjects: 9.716300 ms  DeleteObjects: 0.715300 ms)

Prepare: number of updated asset objects reloaded= 0
AssetImportParameters requested are different than current active one (requested -> active):
  custom:container-demuxer-ogg: 62fdf1f143b41e24485cea50d1cbac27 -> 
  custom:framework-win-MediaFoundation: 216162199b28c13a410421893ffa2e32 -> 
  custom:container-muxer-webm: aa71ff27fc2769a1b78a27578f13a17b -> 
  custom:video-decoder-webm-vp8: 9c59270c3fd7afecdb556c50c9e8de78 -> 
  custom:AudioImporter_EditorPlatform: d09bf68614088b80899f8185d706f6e7 -> 
  custom:audio-decoder-ogg-vorbis: bf7c407c2cedff20999df2af8eb42d56 -> 
  custom:audio-encoder-webm-vorbis: bf7c407c2cedff20999df2af8eb42d56 -> 
  custom:video-decoder-ogg-theora: a1e56fd34408186e4bbccfd4996cb3dc -> 
  custom:container-demuxer-webm: 4f35f7cbe854078d1ac9338744f61a02 -> 
  custom:video-encoder-webm-vp8: eb34c28f22e8b96e1ab97ce403110664 -> 
========================================================================
Received Prepare
Assembly with name 'Leopotam.EcsLite' already exists (Assets/Packages/ECS/ecslite-master/Leopotam.EcsLite.asmdef)
Assembly with name 'Leopotam.EcsLite' already exists (Packages/com.leopotam.ecslite/Leopotam.EcsLite.asmdef)
Assembly with name 'LeoEcsLiteEntityConverter' already exists (Packages/com.anbi.leoecslite.entityconverter/LeoEcsLiteEntityConverter.asmdef)
Assembly with name 'LeoEcsLiteEntityConverter' already exists (Assets/Packages/ECS/LeoEcsLiteEntityConverter-master/LeoEcsLiteEntityConverter.asmdef)
Script 'Packages/com.affencode.leoecslite-zoo/Scripts/Globals/RegisterGlobal.cs' will not be compiled because it exists outside the Assets folder and does not to belong to any assembly definition file.
Script 'Packages/com.affencode.leoecslite-zoo/Scripts/Conversion/ConvertToEntity.cs' will not be compiled because it exists outside the Assets folder and does not to belong to any assembly definition file.
Script 'Packages/com.affencode.leoecslite-zoo/Scripts/Injection/LeoEcsLiteInjector.cs' will not be compiled because it exists outside the Assets folder and does not to belong to any assembly definition file.
Script 'Packages/com.affencode.leoecslite-zoo/Scripts/Injection/Inject.cs' will not be compiled because it exists outside the Assets folder and does not to belong to any assembly definition file.
Script 'Packages/com.affencode.leoecslite-zoo/Scripts/Globals/Globals.cs' will not be compiled because it exists outside the Assets folder and does not to belong to any assembly definition file.
Script 'Packages/com.affencode.leoecslite-zoo/Scripts/FeatureBased/FeaturedEcsStartup.cs' will not be compiled because it exists outside the Assets folder and does not to belong to any assembly definition file.
Script 'Packages/com.affencode.leoecslite-zoo/Scripts/EcsWorldProvider.cs' will not be compiled because it exists outside the Assets folder and does not to belong to any assembly definition file.
Script 'Packages/com.affencode.leoecslite-zoo/Scripts/FeatureBased/EcsFeature.cs' will not be compiled because it exists outside the Assets folder and does not to belong to any assembly definition file.
Script 'Packages/com.affencode.leoecslite-zoo/Scripts/Injection/GlobalMonoBehaviour.cs' will not be compiled because it exists outside the Assets folder and does not to belong to any assembly definition file.
Script 'Packages/com.anbi.leoecslite.entityconverter/src/Extensions.cs' will not be compiled because it exists outside the Assets folder and does not to belong to any assembly definition file.
Script 'Packages/com.affencode.leoecslite-zoo/Scripts/Conversion/IConvertToEntity.cs' will not be compiled because it exists outside the Assets folder and does not to belong to any assembly definition file.
Script 'Packages/com.anbi.leoecslite.entityconverter/src/ComponentsContainer.cs' will not be compiled because it exists outside the Assets folder and does not to belong to any assembly definition file.
Script 'Packages/com.affencode.leoecslite-zoo/Scripts/Extensions/EcsEx.cs' will not be compiled because it exists outside the Assets folder and does not to belong to any assembly definition file.
Script 'Packages/com.affencode.leoecslite-zoo/Scripts/OneFrame/OneFrameSystem.cs' will not be compiled because it exists outside the Assets folder and does not to belong to any assembly definition file.
Script 'Packages/com.affencode.leoecslite-zoo/Scripts/Extensions/UnityEx.cs' will not be compiled because it exists outside the Assets folder and does not to belong to any assembly definition file.
Script 'Packages/com.affencode.leoecslite-zoo/Scripts/Injection/InjectableMonoBehaviour.cs' will not be compiled because it exists outside the Assets folder and does not to belong to any assembly definition file.
Script 'Packages/com.affencode.leoecslite-zoo/Scripts/FeatureBased/SystemType.cs' will not be compiled because it exists outside the Assets folder and does not to belong to any assembly definition file.
Script 'Packages/com.affencode.leoecslite-zoo/Scripts/OneFrame/OneFrameEx.cs' will not be compiled because it exists outside the Assets folder and does not to belong to any assembly definition file.
Script 'Packages/com.affencode.leoecslite-zoo/Scripts/Conversion/ConvertComponent.cs' will not be compiled because it exists outside the Assets folder and does not to belong to any assembly definition file.
Script 'Packages/com.affencode.leoecslite-zoo/Scripts/Components.cs' will not be compiled because it exists outside the Assets folder and does not to belong to any assembly definition file.
Script 'Packages/com.affencode.leoecslite-zoo/Scripts/FeatureBased/FeatureEcsSystems.cs' will not be compiled because it exists outside the Assets folder and does not to belong to any assembly definition file.
Script 'Packages/com.anbi.leoecslite.entityconverter/src/ComponentConverter.cs' will not be compiled because it exists outside the Assets folder and does not to belong to any assembly definition file.
Script 'Packages/com.anbi.leoecslite.entityconverter/src/BaseConverter.cs' will not be compiled because it exists outside the Assets folder and does not to belong to any assembly definition file.
Script 'Packages/com.anbi.leoecslite.entityconverter/src/EcsConverter.cs' will not be compiled because it exists outside the Assets folder and does not to belong to any assembly definition file.
Script 'Packages/com.affencode.leoecslite-zoo/Scripts/EcsStartup.cs' will not be compiled because it exists outside the Assets folder and does not to belong to any assembly definition file.
Script 'Packages/com.affencode.leoecslite-zoo/Scripts/Conversion/UnityObjectProvider.cs' will not be compiled because it exists outside the Assets folder and does not to belong to any assembly definition file.
Script 'Packages/com.affencode.leoecslite-zoo/Scripts/Conversion/ConversionEnums.cs' will not be compiled because it exists outside the Assets folder and does not to belong to any assembly definition file.
Assembly with name 'Leopotam.EcsLite' already exists (Assets/Packages/ECS/ecslite-master/Leopotam.EcsLite.asmdef)
Assembly with name 'Leopotam.EcsLite' already exists (Packages/com.leopotam.ecslite/Leopotam.EcsLite.asmdef)
Assembly with name 'LeoEcsLiteEntityConverter' already exists (Packages/com.anbi.leoecslite.entityconverter/LeoEcsLiteEntityConverter.asmdef)
Assembly with name 'LeoEcsLiteEntityConverter' already exists (Assets/Packages/ECS/LeoEcsLiteEntityConverter-master/LeoEcsLiteEntityConverter.asmdef)
Script 'Packages/com.affencode.leoecslite-zoo/Scripts/Globals/RegisterGlobal.cs' will not be compiled because it exists outside the Assets folder and does not to belong to any assembly definition file.
Script 'Packages/com.affencode.leoecslite-zoo/Scripts/Conversion/ConvertToEntity.cs' will not be compiled because it exists outside the Assets folder and does not to belong to any assembly definition file.
Script 'Packages/com.affencode.leoecslite-zoo/Scripts/Injection/LeoEcsLiteInjector.cs' will not be compiled because it exists outside the Assets folder and does not to belong to any assembly definition file.
Script 'Packages/com.affencode.leoecslite-zoo/Scripts/Injection/Inject.cs' will not be compiled because it exists outside the Assets folder and does not to belong to any assembly definition file.
Script 'Packages/com.affencode.leoecslite-zoo/Scripts/Globals/Globals.cs' will not be compiled because it exists outside the Assets folder and does not to belong to any assembly definition file.
Script 'Packages/com.affencode.leoecslite-zoo/Scripts/FeatureBased/FeaturedEcsStartup.cs' will not be compiled because it exists outside the Assets folder and does not to belong to any assembly definition file.
Script 'Packages/com.affencode.leoecslite-zoo/Scripts/EcsWorldProvider.cs' will not be compiled because it exists outside the Assets folder and does not to belong to any assembly definition file.
Script 'Packages/com.affencode.leoecslite-zoo/Scripts/FeatureBased/EcsFeature.cs' will not be compiled because it exists outside the Assets folder and does not to belong to any assembly definition file.
Script 'Packages/com.affencode.leoecslite-zoo/Scripts/Injection/GlobalMonoBehaviour.cs' will not be compiled because it exists outside the Assets folder and does not to belong to any assembly definition file.
Script 'Packages/com.anbi.leoecslite.entityconverter/src/Extensions.cs' will not be compiled because it exists outside the Assets folder and does not to belong to any assembly definition file.
Script 'Packages/com.affencode.leoecslite-zoo/Scripts/Conversion/IConvertToEntity.cs' will not be compiled because it exists outside the Assets folder and does not to belong to any assembly definition file.
Script 'Packages/com.anbi.leoecslite.entityconverter/src/ComponentsContainer.cs' will not be compiled because it exists outside the Assets folder and does not to belong to any assembly definition file.
Script 'Packages/com.affencode.leoecslite-zoo/Scripts/Extensions/EcsEx.cs' will not be compiled because it exists outside the Assets folder and does not to belong to any assembly definition file.
Script 'Packages/com.affencode.leoecslite-zoo/Scripts/OneFrame/OneFrameSystem.cs' will not be compiled because it exists outside the Assets folder and does not to belong to any assembly definition file.
Script 'Packages/com.affencode.leoecslite-zoo/Scripts/Extensions/UnityEx.cs' will not be compiled because it exists outside the Assets folder and does not to belong to any assembly definition file.
Script 'Packages/com.affencode.leoecslite-zoo/Scripts/Injection/InjectableMonoBehaviour.cs' will not be compiled because it exists outside the Assets folder and does not to belong to any assembly definition file.
Script 'Packages/com.affencode.leoecslite-zoo/Scripts/FeatureBased/SystemType.cs' will not be compiled because it exists outside the Assets folder and does not to belong to any assembly definition file.
Script 'Packages/com.affencode.leoecslite-zoo/Scripts/OneFrame/OneFrameEx.cs' will not be compiled because it exists outside the Assets folder and does not to belong to any assembly definition file.
Script 'Packages/com.affencode.leoecslite-zoo/Scripts/Conversion/ConvertComponent.cs' will not be compiled because it exists outside the Assets folder and does not to belong to any assembly definition file.
Script 'Packages/com.affencode.leoecslite-zoo/Scripts/Components.cs' will not be compiled because it exists outside the Assets folder and does not to belong to any assembly definition file.
Script 'Packages/com.affencode.leoecslite-zoo/Scripts/FeatureBased/FeatureEcsSystems.cs' will not be compiled because it exists outside the Assets folder and does not to belong to any assembly definition file.
Script 'Packages/com.anbi.leoecslite.entityconverter/src/ComponentConverter.cs' will not be compiled because it exists outside the Assets folder and does not to belong to any assembly definition file.
Script 'Packages/com.anbi.leoecslite.entityconverter/src/BaseConverter.cs' will not be compiled because it exists outside the Assets folder and does not to belong to any assembly definition file.
Script 'Packages/com.anbi.leoecslite.entityconverter/src/EcsConverter.cs' will not be compiled because it exists outside the Assets folder and does not to belong to any assembly definition file.
Script 'Packages/com.affencode.leoecslite-zoo/Scripts/EcsStartup.cs' will not be compiled because it exists outside the Assets folder and does not to belong to any assembly definition file.
Script 'Packages/com.affencode.leoecslite-zoo/Scripts/Conversion/UnityObjectProvider.cs' will not be compiled because it exists outside the Assets folder and does not to belong to any assembly definition file.
Script 'Packages/com.affencode.leoecslite-zoo/Scripts/Conversion/ConversionEnums.cs' will not be compiled because it exists outside the Assets folder and does not to belong to any assembly definition file.
Begin MonoManager ReloadAssembly
Symbol file LoadedFromMemory doesn't match image D:\games\DemoLeoFSM\DemoLeoFSM\Library\PackageCache\com.unity.visualscripting@1.8.0\Editor\VisualScripting.Core\Dependencies\YamlDotNet\Unity.VisualScripting.YamlDotNet.dll
Symbol file LoadedFromMemory doesn't match image D:\games\DemoLeoFSM\DemoLeoFSM\Library\PackageCache\com.unity.visualscripting@1.8.0\Editor\VisualScripting.Core\Dependencies\DotNetZip\Unity.VisualScripting.IonicZip.dll
- Loaded All Assemblies, in  9.783 seconds
Refreshing native plugins compatible for Editor in 22.82 ms, found 4 plugins.
Native extension for WindowsStandalone target not found
Native extension for iOS target not found
Native extension for Android target not found
Assembly with name 'Leopotam.EcsLite' already exists (Assets/Packages/ECS/ecslite-master/Leopotam.EcsLite.asmdef)
Assembly with name 'Leopotam.EcsLite' already exists (Packages/com.leopotam.ecslite/Leopotam.EcsLite.asmdef)
Assembly with name 'LeoEcsLiteEntityConverter' already exists (Packages/com.anbi.leoecslite.entityconverter/LeoEcsLiteEntityConverter.asmdef)
Assembly with name 'LeoEcsLiteEntityConverter' already exists (Assets/Packages/ECS/LeoEcsLiteEntityConverter-master/LeoEcsLiteEntityConverter.asmdef)
Script 'Packages/com.affencode.leoecslite-zoo/Scripts/Globals/RegisterGlobal.cs' will not be compiled because it exists outside the Assets folder and does not to belong to any assembly definition file.
Script 'Packages/com.affencode.leoecslite-zoo/Scripts/Conversion/ConvertToEntity.cs' will not be compiled because it exists outside the Assets folder and does not to belong to any assembly definition file.
Script 'Packages/com.affencode.leoecslite-zoo/Scripts/Injection/LeoEcsLiteInjector.cs' will not be compiled because it exists outside the Assets folder and does not to belong to any assembly definition file.
Script 'Packages/com.affencode.leoecslite-zoo/Scripts/Injection/Inject.cs' will not be compiled because it exists outside the Assets folder and does not to belong to any assembly definition file.
Script 'Packages/com.affencode.leoecslite-zoo/Scripts/Globals/Globals.cs' will not be compiled because it exists outside the Assets folder and does not to belong to any assembly definition file.
Script 'Packages/com.affencode.leoecslite-zoo/Scripts/FeatureBased/FeaturedEcsStartup.cs' will not be compiled because it exists outside the Assets folder and does not to belong to any assembly definition file.
Script 'Packages/com.affencode.leoecslite-zoo/Scripts/EcsWorldProvider.cs' will not be compiled because it exists outside the Assets folder and does not to belong to any assembly definition file.
Script 'Packages/com.affencode.leoecslite-zoo/Scripts/FeatureBased/EcsFeature.cs' will not be compiled because it exists outside the Assets folder and does not to belong to any assembly definition file.
Script 'Packages/com.affencode.leoecslite-zoo/Scripts/Injection/GlobalMonoBehaviour.cs' will not be compiled because it exists outside the Assets folder and does not to belong to any assembly definition file.
Script 'Packages/com.anbi.leoecslite.entityconverter/src/Extensions.cs' will not be compiled because it exists outside the Assets folder and does not to belong to any assembly definition file.
Script 'Packages/com.affencode.leoecslite-zoo/Scripts/Conversion/IConvertToEntity.cs' will not be compiled because it exists outside the Assets folder and does not to belong to any assembly definition file.
Script 'Packages/com.anbi.leoecslite.entityconverter/src/ComponentsContainer.cs' will not be compiled because it exists outside the Assets folder and does not to belong to any assembly definition file.
Script 'Packages/com.affencode.leoecslite-zoo/Scripts/Extensions/EcsEx.cs' will not be compiled because it exists outside the Assets folder and does not to belong to any assembly definition file.
Script 'Packages/com.affencode.leoecslite-zoo/Scripts/OneFrame/OneFrameSystem.cs' will not be compiled because it exists outside the Assets folder and does not to belong to any assembly definition file.
Script 'Packages/com.affencode.leoecslite-zoo/Scripts/Extensions/UnityEx.cs' will not be compiled because it exists outside the Assets folder and does not to belong to any assembly definition file.
Script 'Packages/com.affencode.leoecslite-zoo/Scripts/Injection/InjectableMonoBehaviour.cs' will not be compiled because it exists outside the Assets folder and does not to belong to any assembly definition file.
Script 'Packages/com.affencode.leoecslite-zoo/Scripts/FeatureBased/SystemType.cs' will not be compiled because it exists outside the Assets folder and does not to belong to any assembly definition file.
Script 'Packages/com.affencode.leoecslite-zoo/Scripts/OneFrame/OneFrameEx.cs' will not be compiled because it exists outside the Assets folder and does not to belong to any assembly definition file.
Script 'Packages/com.affencode.leoecslite-zoo/Scripts/Conversion/ConvertComponent.cs' will not be compiled because it exists outside the Assets folder and does not to belong to any assembly definition file.
Script 'Packages/com.affencode.leoecslite-zoo/Scripts/Components.cs' will not be compiled because it exists outside the Assets folder and does not to belong to any assembly definition file.
Script 'Packages/com.affencode.leoecslite-zoo/Scripts/FeatureBased/FeatureEcsSystems.cs' will not be compiled because it exists outside the Assets folder and does not to belong to any assembly definition file.
Script 'Packages/com.anbi.leoecslite.entityconverter/src/ComponentConverter.cs' will not be compiled because it exists outside the Assets folder and does not to belong to any assembly definition file.
Script 'Packages/com.anbi.leoecslite.entityconverter/src/BaseConverter.cs' will not be compiled because it exists outside the Assets folder and does not to belong to any assembly definition file.
Script 'Packages/com.anbi.leoecslite.entityconverter/src/EcsConverter.cs' will not be compiled because it exists outside the Assets folder and does not to belong to any assembly definition file.
Script 'Packages/com.affencode.leoecslite-zoo/Scripts/EcsStartup.cs' will not be compiled because it exists outside the Assets folder and does not to belong to any assembly definition file.
Script 'Packages/com.affencode.leoecslite-zoo/Scripts/Conversion/UnityObjectProvider.cs' will not be compiled because it exists outside the Assets folder and does not to belong to any assembly definition file.
Script 'Packages/com.affencode.leoecslite-zoo/Scripts/Conversion/ConversionEnums.cs' will not be compiled because it exists outside the Assets folder and does not to belong to any assembly definition file.
[Package Manager] Server::EnsureServerProcessIsRunning -- launch failed, reason: Unity was launched with the -noUpm command-line argument
[Package Manager] UpmClient::Send -- Unable to send message (not connected to UPM process).
[Package Manager] Cannot connect to Unity Package Manager local server
Mono: successfully reloaded assembly
- Finished resetting the current domain, in  7.239 seconds
Domain Reload Profiling: 17029ms
	BeginReloadAssembly (2594ms)
		ExecutionOrderSort (0ms)
		DisableScriptedObjects (280ms)
		BackupInstance (0ms)
		ReleaseScriptingObjects (6ms)
		CreateAndSetChildDomain (1470ms)
	RebuildCommonClasses (94ms)
	RebuildNativeTypeToScriptingClass (32ms)
	initialDomainReloadingComplete (129ms)
	LoadAllAssembliesAndSetupDomain (6939ms)
		LoadAssemblies (3974ms)
		RebuildTransferFunctionScriptingTraits (0ms)
		AnalyzeDomain (3076ms)
			TypeCache.Refresh (2945ms)
				TypeCache.ScanAssembly (1785ms)
			ScanForSourceGeneratedMonoScriptInfo (80ms)
			ResolveRequiredComponents (51ms)
	FinalizeReload (7241ms)
		ReleaseScriptCaches (0ms)
		RebuildScriptCaches (0ms)
		SetupLoadedEditorAssemblies (1632ms)
			LogAssemblyErrors (0ms)
			InitializePlatformSupportModulesInManaged (98ms)
			SetLoadedEditorAssemblies (14ms)
			RefreshPlugins (0ms)
			BeforeProcessingInitializeOnLoad (332ms)
			ProcessInitializeOnLoadAttributes (963ms)
			ProcessInitializeOnLoadMethodAttributes (217ms)
			AfterProcessingInitializeOnLoad (8ms)
			EditorAssembliesLoaded (1ms)
		ExecutionOrderSort2 (0ms)
		AwakeInstancesAfterBackupRestoration (50ms)
Refreshing native plugins compatible for Editor in 16.91 ms, found 4 plugins.
Preloading 0 native plugins for Editor in 0.00 ms.
Unloading 7216 Unused Serialized files (Serialized files now loaded: 0)
Unloading 64 unused Assets / (0.6 MB). Loaded Objects now: 8056.
Memory consumption went from 241.7 MB to 241.1 MB.
Total: 16.019800 ms (FindLiveObjects: 1.512500 ms CreateObjectMapping: 0.749000 ms MarkObjects: 13.130300 ms  DeleteObjects: 0.626000 ms)

Prepare: number of updated asset objects reloaded= 1
AssetImportParameters requested are different than current active one (requested -> active):
  custom:container-demuxer-ogg: 62fdf1f143b41e24485cea50d1cbac27 -> 
  custom:framework-win-MediaFoundation: 216162199b28c13a410421893ffa2e32 -> 
  custom:container-muxer-webm: aa71ff27fc2769a1b78a27578f13a17b -> 
  custom:video-decoder-webm-vp8: 9c59270c3fd7afecdb556c50c9e8de78 -> 
  custom:AudioImporter_EditorPlatform: d09bf68614088b80899f8185d706f6e7 -> 
  custom:audio-decoder-ogg-vorbis: bf7c407c2cedff20999df2af8eb42d56 -> 
  custom:audio-encoder-webm-vorbis: bf7c407c2cedff20999df2af8eb42d56 -> 
  custom:video-decoder-ogg-theora: a1e56fd34408186e4bbccfd4996cb3dc -> 
  custom:container-demuxer-webm: 4f35f7cbe854078d1ac9338744f61a02 -> 
  custom:video-encoder-webm-vp8: eb34c28f22e8b96e1ab97ce403110664 -> 
