Using pre-set license
Built from '2022.3/staging' branch; Version is '2022.3.3f1 (7cdc2969a641) revision 8182825'; Using compiler version '192829333'; Build Type 'Release'
OS: 'Windows 10  (10.0.19044) 64bit Professional' Language: 'ru' Physical Memory: 7561 MB
BatchMode: 1, IsHumanControllingUs: 0, StartBugReporterOnCrash: 0, Is64bit: 1, IsPro: 1

COMMAND LINE ARGUMENTS:
D:\games\Unity\Unity Files (Dont Touch)\2021.3.9f1\2022.3.3f1\Editor\Unity.exe
-adb2
-batchMode
-noUpm
-name
AssetImportWorker1
-projectPath
D:/games/DemoLeoFSM/DemoLeoFSM
-logFile
Logs/AssetImportWorker1.log
-srvPort
58782
Successfully changed project path to: D:/games/DemoLeoFSM/DemoLeoFSM
D:/games/DemoLeoFSM/DemoLeoFSM
[UnityMemory] Configuration Parameters - Can be set up in boot.config
    "memorysetup-bucket-allocator-granularity=16"
    "memorysetup-bucket-allocator-bucket-count=8"
    "memorysetup-bucket-allocator-block-size=33554432"
    "memorysetup-bucket-allocator-block-count=8"
    "memorysetup-main-allocator-block-size=16777216"
    "memorysetup-thread-allocator-block-size=16777216"
    "memorysetup-gfx-main-allocator-block-size=16777216"
    "memorysetup-gfx-thread-allocator-block-size=16777216"
    "memorysetup-cache-allocator-block-size=4194304"
    "memorysetup-typetree-allocator-block-size=2097152"
    "memorysetup-profiler-bucket-allocator-granularity=16"
    "memorysetup-profiler-bucket-allocator-bucket-count=8"
    "memorysetup-profiler-bucket-allocator-block-size=33554432"
    "memorysetup-profiler-bucket-allocator-block-count=8"
    "memorysetup-profiler-allocator-block-size=16777216"
    "memorysetup-profiler-editor-allocator-block-size=1048576"
    "memorysetup-temp-allocator-size-main=16777216"
    "memorysetup-job-temp-allocator-block-size=2097152"
    "memorysetup-job-temp-allocator-block-size-background=1048576"
    "memorysetup-job-temp-allocator-reduction-small-platforms=262144"
    "memorysetup-allocator-temp-initial-block-size-main=262144"
    "memorysetup-allocator-temp-initial-block-size-worker=262144"
    "memorysetup-temp-allocator-size-background-worker=32768"
    "memorysetup-temp-allocator-size-job-worker=262144"
    "memorysetup-temp-allocator-size-preload-manager=33554432"
    "memorysetup-temp-allocator-size-nav-mesh-worker=65536"
    "memorysetup-temp-allocator-size-audio-worker=65536"
    "memorysetup-temp-allocator-size-cloud-worker=32768"
    "memorysetup-temp-allocator-size-gi-baking-worker=262144"
    "memorysetup-temp-allocator-size-gfx=262144"
Player connection [13844] Host "[IP] 192.168.162.120 [Port] 0 [Flags] 2 [Guid] 1927795791 [EditorId] 1927795791 [Version] 1048832 [Id] WindowsEditor(7,DESKTOP-J7U7MAN) [Debug] 1 [PackageName] WindowsEditor [ProjectName] Editor" joined multi-casting on [225.0.0.222:54997]...

Player connection [13844] Host "[IP] 192.168.162.120 [Port] 0 [Flags] 2 [Guid] 1927795791 [EditorId] 1927795791 [Version] 1048832 [Id] WindowsEditor(7,DESKTOP-J7U7MAN) [Debug] 1 [PackageName] WindowsEditor [ProjectName] Editor" joined alternative multi-casting on [225.0.0.222:34997]...

Refreshing native plugins compatible for Editor in 133.32 ms, found 4 plugins.
Preloading 0 native plugins for Editor in 0.00 ms.
Initialize engine version: 2022.3.3f1 (7cdc2969a641)
[Subsystems] Discovering subsystems at path D:/games/Unity/Unity Files (Dont Touch)/2021.3.9f1/2022.3.3f1/Editor/Data/Resources/UnitySubsystems
[Subsystems] Discovering subsystems at path D:/games/DemoLeoFSM/DemoLeoFSM/Assets
GfxDevice: creating device client; threaded=0; jobified=0
Direct3D:
    Version:  Direct3D 11.0 [level 11.1]
    Renderer: AMD Radeon (TM) Graphics (ID=0x15e7)
    Vendor:   ATI
    VRAM:     3780 MB
    Driver:   31.0.12018.5
Initialize mono
Mono path[0] = 'D:/games/Unity/Unity Files (Dont Touch)/2021.3.9f1/2022.3.3f1/Editor/Data/Managed'
Mono path[1] = 'D:/games/Unity/Unity Files (Dont Touch)/2021.3.9f1/2022.3.3f1/Editor/Data/MonoBleedingEdge/lib/mono/unityjit-win32'
Mono config path = 'D:/games/Unity/Unity Files (Dont Touch)/2021.3.9f1/2022.3.3f1/Editor/Data/MonoBleedingEdge/etc'
Using monoOptions --debugger-agent=transport=dt_socket,embedding=1,server=y,suspend=n,address=127.0.0.1:56912
Begin MonoManager ReloadAssembly
Registering precompiled unity dll's ...
Register platform support module: D:/games/Unity/Unity Files (Dont Touch)/2021.3.9f1/2022.3.3f1/Editor/Data/PlaybackEngines/AndroidPlayer/UnityEditor.Android.Extensions.dll
Register platform support module: D:/games/Unity/Unity Files (Dont Touch)/2021.3.9f1/2022.3.3f1/Editor/Data/PlaybackEngines/iOSSupport/UnityEditor.iOS.Extensions.dll
Register platform support module: D:/games/Unity/Unity Files (Dont Touch)/2021.3.9f1/2022.3.3f1/Editor/Data/PlaybackEngines/WindowsStandaloneSupport/UnityEditor.WindowsStandalone.Extensions.dll
Registered in 0.054300 seconds.
- Loaded All Assemblies, in  3.855 seconds
Native extension for WindowsStandalone target not found
[usbmuxd] Start listen thread
[usbmuxd] Listen thread started
Native extension for iOS target not found
Native extension for Android target not found
Android Extension - Scanning For ADB Devices 1806 ms
Mono: successfully reloaded assembly
- Finished resetting the current domain, in  3.812 seconds
Domain Reload Profiling: 7665ms
	BeginReloadAssembly (887ms)
		ExecutionOrderSort (0ms)
		DisableScriptedObjects (0ms)
		BackupInstance (0ms)
		ReleaseScriptingObjects (0ms)
		CreateAndSetChildDomain (3ms)
	RebuildCommonClasses (587ms)
	RebuildNativeTypeToScriptingClass (160ms)
	initialDomainReloadingComplete (835ms)
	LoadAllAssembliesAndSetupDomain (1383ms)
		LoadAssemblies (883ms)
		RebuildTransferFunctionScriptingTraits (0ms)
		AnalyzeDomain (1359ms)
			TypeCache.Refresh (1356ms)
				TypeCache.ScanAssembly (1291ms)
			ScanForSourceGeneratedMonoScriptInfo (2ms)
			ResolveRequiredComponents (2ms)
	FinalizeReload (3814ms)
		ReleaseScriptCaches (0ms)
		RebuildScriptCaches (0ms)
		SetupLoadedEditorAssemblies (3383ms)
			LogAssemblyErrors (0ms)
			InitializePlatformSupportModulesInManaged (2457ms)
			SetLoadedEditorAssemblies (18ms)
			RefreshPlugins (0ms)
			BeforeProcessingInitializeOnLoad (11ms)
			ProcessInitializeOnLoadAttributes (637ms)
			ProcessInitializeOnLoadMethodAttributes (260ms)
			AfterProcessingInitializeOnLoad (0ms)
			EditorAssembliesLoaded (0ms)
		ExecutionOrderSort2 (0ms)
		AwakeInstancesAfterBackupRestoration (0ms)
========================================================================
Worker process is ready to serve import requests
Begin MonoManager ReloadAssembly
Symbol file LoadedFromMemory doesn't match image D:\games\DemoLeoFSM\DemoLeoFSM\Library\PackageCache\com.unity.visualscripting@1.8.0\Editor\VisualScripting.Core\Dependencies\YamlDotNet\Unity.VisualScripting.YamlDotNet.dll
Symbol file LoadedFromMemory doesn't match image D:\games\DemoLeoFSM\DemoLeoFSM\Library\PackageCache\com.unity.visualscripting@1.8.0\Editor\VisualScripting.Core\Dependencies\DotNetZip\Unity.VisualScripting.IonicZip.dll
- Loaded All Assemblies, in  6.693 seconds
Refreshing native plugins compatible for Editor in 46.91 ms, found 4 plugins.
Native extension for WindowsStandalone target not found
Native extension for iOS target not found
Native extension for Android target not found
Package Manager log level set to [2]
[Package Manager] Server::EnsureServerProcessIsRunning -- launch failed, reason: Unity was launched with the -noUpm command-line argument
[Package Manager] UpmClient::Send -- Unable to send message (not connected to UPM process).
[Package Manager] Cannot connect to Unity Package Manager local server
Mono: successfully reloaded assembly
- Finished resetting the current domain, in  3.467 seconds
Domain Reload Profiling: 10194ms
	BeginReloadAssembly (784ms)
		ExecutionOrderSort (0ms)
		DisableScriptedObjects (28ms)
		BackupInstance (0ms)
		ReleaseScriptingObjects (4ms)
		CreateAndSetChildDomain (128ms)
	RebuildCommonClasses (191ms)
	RebuildNativeTypeToScriptingClass (46ms)
	initialDomainReloadingComplete (187ms)
	LoadAllAssembliesAndSetupDomain (5516ms)
		LoadAssemblies (2659ms)
		RebuildTransferFunctionScriptingTraits (0ms)
		AnalyzeDomain (3165ms)
			TypeCache.Refresh (2749ms)
				TypeCache.ScanAssembly (2609ms)
			ScanForSourceGeneratedMonoScriptInfo (311ms)
			ResolveRequiredComponents (105ms)
	FinalizeReload (3470ms)
		ReleaseScriptCaches (0ms)
		RebuildScriptCaches (0ms)
		SetupLoadedEditorAssemblies (2534ms)
			LogAssemblyErrors (0ms)
			InitializePlatformSupportModulesInManaged (115ms)
			SetLoadedEditorAssemblies (13ms)
			RefreshPlugins (0ms)
			BeforeProcessingInitializeOnLoad (300ms)
			ProcessInitializeOnLoadAttributes (1775ms)
			ProcessInitializeOnLoadMethodAttributes (319ms)
			AfterProcessingInitializeOnLoad (9ms)
			EditorAssembliesLoaded (1ms)
		ExecutionOrderSort2 (0ms)
		AwakeInstancesAfterBackupRestoration (20ms)
Launched and connected shader compiler UnityShaderCompiler.exe after 0.27 seconds
Refreshing native plugins compatible for Editor in 14.91 ms, found 4 plugins.
Preloading 0 native plugins for Editor in 0.00 ms.
Unloading 7536 Unused Serialized files (Serialized files now loaded: 0)
Unloading 129 unused Assets / (0.6 MB). Loaded Objects now: 8074.
Memory consumption went from 274.7 MB to 274.1 MB.
Total: 27.004800 ms (FindLiveObjects: 1.619000 ms CreateObjectMapping: 1.273000 ms MarkObjects: 21.229700 ms  DeleteObjects: 2.878800 ms)

AssetImportParameters requested are different than current active one (requested -> active):
  custom:container-demuxer-ogg: 62fdf1f143b41e24485cea50d1cbac27 -> 
  custom:framework-win-MediaFoundation: 216162199b28c13a410421893ffa2e32 -> 
  custom:container-muxer-webm: aa71ff27fc2769a1b78a27578f13a17b -> 
  custom:video-decoder-webm-vp8: 9c59270c3fd7afecdb556c50c9e8de78 -> 
  custom:AudioImporter_EditorPlatform: d09bf68614088b80899f8185d706f6e7 -> 
  custom:audio-decoder-ogg-vorbis: bf7c407c2cedff20999df2af8eb42d56 -> 
  custom:audio-encoder-webm-vorbis: bf7c407c2cedff20999df2af8eb42d56 -> 
  custom:video-decoder-ogg-theora: a1e56fd34408186e4bbccfd4996cb3dc -> 
  custom:container-demuxer-webm: 4f35f7cbe854078d1ac9338744f61a02 -> 
  custom:video-encoder-webm-vp8: eb34c28f22e8b96e1ab97ce403110664 -> 
========================================================================
Received Prepare
Begin MonoManager ReloadAssembly
Symbol file LoadedFromMemory doesn't match image D:\games\DemoLeoFSM\DemoLeoFSM\Library\PackageCache\com.unity.visualscripting@1.8.0\Editor\VisualScripting.Core\Dependencies\YamlDotNet\Unity.VisualScripting.YamlDotNet.dll
Symbol file LoadedFromMemory doesn't match image D:\games\DemoLeoFSM\DemoLeoFSM\Library\PackageCache\com.unity.visualscripting@1.8.0\Editor\VisualScripting.Core\Dependencies\DotNetZip\Unity.VisualScripting.IonicZip.dll
- Loaded All Assemblies, in  6.613 seconds
Refreshing native plugins compatible for Editor in 9.32 ms, found 4 plugins.
Native extension for WindowsStandalone target not found
Native extension for iOS target not found
Native extension for Android target not found
[Package Manager] Server::EnsureServerProcessIsRunning -- launch failed, reason: Unity was launched with the -noUpm command-line argument
[Package Manager] UpmClient::Send -- Unable to send message (not connected to UPM process).
[Package Manager] Cannot connect to Unity Package Manager local server
Mono: successfully reloaded assembly
- Finished resetting the current domain, in  7.694 seconds
Domain Reload Profiling: 14309ms
	BeginReloadAssembly (1826ms)
		ExecutionOrderSort (0ms)
		DisableScriptedObjects (182ms)
		BackupInstance (0ms)
		ReleaseScriptingObjects (2ms)
		CreateAndSetChildDomain (1070ms)
	RebuildCommonClasses (70ms)
	RebuildNativeTypeToScriptingClass (21ms)
	initialDomainReloadingComplete (72ms)
	LoadAllAssembliesAndSetupDomain (4624ms)
		LoadAssemblies (3121ms)
		RebuildTransferFunctionScriptingTraits (0ms)
		AnalyzeDomain (1674ms)
			TypeCache.Refresh (1579ms)
				TypeCache.ScanAssembly (1183ms)
			ScanForSourceGeneratedMonoScriptInfo (50ms)
			ResolveRequiredComponents (45ms)
	FinalizeReload (7697ms)
		ReleaseScriptCaches (0ms)
		RebuildScriptCaches (0ms)
		SetupLoadedEditorAssemblies (1860ms)
			LogAssemblyErrors (0ms)
			InitializePlatformSupportModulesInManaged (147ms)
			SetLoadedEditorAssemblies (26ms)
			RefreshPlugins (0ms)
			BeforeProcessingInitializeOnLoad (319ms)
			ProcessInitializeOnLoadAttributes (1154ms)
			ProcessInitializeOnLoadMethodAttributes (203ms)
			AfterProcessingInitializeOnLoad (8ms)
			EditorAssembliesLoaded (3ms)
		ExecutionOrderSort2 (0ms)
		AwakeInstancesAfterBackupRestoration (45ms)
Refreshing native plugins compatible for Editor in 11.53 ms, found 4 plugins.
Preloading 0 native plugins for Editor in 0.00 ms.
Unloading 7073 Unused Serialized files (Serialized files now loaded: 0)
Unloading 293 unused Assets / (0.7 MB). Loaded Objects now: 7863.
Memory consumption went from 239.0 MB to 238.3 MB.
Total: 42.454200 ms (FindLiveObjects: 2.017800 ms CreateObjectMapping: 0.669800 ms MarkObjects: 30.937900 ms  DeleteObjects: 8.822700 ms)

Prepare: number of updated asset objects reloaded= 0
AssetImportParameters requested are different than current active one (requested -> active):
  custom:container-demuxer-ogg: 62fdf1f143b41e24485cea50d1cbac27 -> 
  custom:framework-win-MediaFoundation: 216162199b28c13a410421893ffa2e32 -> 
  custom:container-muxer-webm: aa71ff27fc2769a1b78a27578f13a17b -> 
  custom:video-decoder-webm-vp8: 9c59270c3fd7afecdb556c50c9e8de78 -> 
  custom:AudioImporter_EditorPlatform: d09bf68614088b80899f8185d706f6e7 -> 
  custom:audio-decoder-ogg-vorbis: bf7c407c2cedff20999df2af8eb42d56 -> 
  custom:audio-encoder-webm-vorbis: bf7c407c2cedff20999df2af8eb42d56 -> 
  custom:video-decoder-ogg-theora: a1e56fd34408186e4bbccfd4996cb3dc -> 
  custom:container-demuxer-webm: 4f35f7cbe854078d1ac9338744f61a02 -> 
  custom:video-encoder-webm-vp8: eb34c28f22e8b96e1ab97ce403110664 -> 
========================================================================
Received Prepare
Assembly with name 'Leopotam.EcsLite' already exists (Assets/Packages/ECS/ecslite-master/Leopotam.EcsLite.asmdef)
Assembly with name 'Leopotam.EcsLite' already exists (Packages/com.leopotam.ecslite/Leopotam.EcsLite.asmdef)
Assembly with name 'Leopotam.EcsLite' already exists (Assets/Packages/ECS/ecslite-master/Leopotam.EcsLite.asmdef)
Assembly with name 'Leopotam.EcsLite' already exists (Packages/com.leopotam.ecslite/Leopotam.EcsLite.asmdef)
Begin MonoManager ReloadAssembly
Symbol file LoadedFromMemory doesn't match image D:\games\DemoLeoFSM\DemoLeoFSM\Library\PackageCache\com.unity.visualscripting@1.8.0\Editor\VisualScripting.Core\Dependencies\YamlDotNet\Unity.VisualScripting.YamlDotNet.dll
Symbol file LoadedFromMemory doesn't match image D:\games\DemoLeoFSM\DemoLeoFSM\Library\PackageCache\com.unity.visualscripting@1.8.0\Editor\VisualScripting.Core\Dependencies\DotNetZip\Unity.VisualScripting.IonicZip.dll
- Loaded All Assemblies, in 16.188 seconds
Refreshing native plugins compatible for Editor in 19.80 ms, found 4 plugins.
Native extension for WindowsStandalone target not found
Native extension for iOS target not found
Native extension for Android target not found
Assembly with name 'Leopotam.EcsLite' already exists (Assets/Packages/ECS/ecslite-master/Leopotam.EcsLite.asmdef)
Assembly with name 'Leopotam.EcsLite' already exists (Packages/com.leopotam.ecslite/Leopotam.EcsLite.asmdef)
[Package Manager] Server::EnsureServerProcessIsRunning -- launch failed, reason: Unity was launched with the -noUpm command-line argument
[Package Manager] UpmClient::Send -- Unable to send message (not connected to UPM process).
[Package Manager] Cannot connect to Unity Package Manager local server
Mono: successfully reloaded assembly
- Finished resetting the current domain, in  8.841 seconds
Domain Reload Profiling: 25050ms
	BeginReloadAssembly (5117ms)
		ExecutionOrderSort (1ms)
		DisableScriptedObjects (278ms)
		BackupInstance (0ms)
		ReleaseScriptingObjects (8ms)
		CreateAndSetChildDomain (3620ms)
	RebuildCommonClasses (385ms)
	RebuildNativeTypeToScriptingClass (167ms)
	initialDomainReloadingComplete (257ms)
	LoadAllAssembliesAndSetupDomain (10274ms)
		LoadAssemblies (6305ms)
		RebuildTransferFunctionScriptingTraits (0ms)
		AnalyzeDomain (4535ms)
			TypeCache.Refresh (4404ms)
				TypeCache.ScanAssembly (3284ms)
			ScanForSourceGeneratedMonoScriptInfo (69ms)
			ResolveRequiredComponents (62ms)
	FinalizeReload (8851ms)
		ReleaseScriptCaches (0ms)
		RebuildScriptCaches (0ms)
		SetupLoadedEditorAssemblies (2816ms)
			LogAssemblyErrors (0ms)
			InitializePlatformSupportModulesInManaged (130ms)
			SetLoadedEditorAssemblies (16ms)
			RefreshPlugins (0ms)
			BeforeProcessingInitializeOnLoad (586ms)
			ProcessInitializeOnLoadAttributes (1632ms)
			ProcessInitializeOnLoadMethodAttributes (442ms)
			AfterProcessingInitializeOnLoad (8ms)
			EditorAssembliesLoaded (4ms)
		ExecutionOrderSort2 (0ms)
		AwakeInstancesAfterBackupRestoration (66ms)
Refreshing native plugins compatible for Editor in 23.41 ms, found 4 plugins.
Preloading 0 native plugins for Editor in 0.00 ms.
Unloading 7078 Unused Serialized files (Serialized files now loaded: 0)
Unloading 64 unused Assets / (0.6 MB). Loaded Objects now: 7885.
Memory consumption went from 239.0 MB to 238.5 MB.
Total: 38.407100 ms (FindLiveObjects: 2.137600 ms CreateObjectMapping: 0.749800 ms MarkObjects: 33.210600 ms  DeleteObjects: 2.306700 ms)

Prepare: number of updated asset objects reloaded= 0
AssetImportParameters requested are different than current active one (requested -> active):
  custom:container-demuxer-ogg: 62fdf1f143b41e24485cea50d1cbac27 -> 
  custom:framework-win-MediaFoundation: 216162199b28c13a410421893ffa2e32 -> 
  custom:container-muxer-webm: aa71ff27fc2769a1b78a27578f13a17b -> 
  custom:video-decoder-webm-vp8: 9c59270c3fd7afecdb556c50c9e8de78 -> 
  custom:AudioImporter_EditorPlatform: d09bf68614088b80899f8185d706f6e7 -> 
  custom:audio-decoder-ogg-vorbis: bf7c407c2cedff20999df2af8eb42d56 -> 
  custom:audio-encoder-webm-vorbis: bf7c407c2cedff20999df2af8eb42d56 -> 
  custom:video-decoder-ogg-theora: a1e56fd34408186e4bbccfd4996cb3dc -> 
  custom:container-demuxer-webm: 4f35f7cbe854078d1ac9338744f61a02 -> 
  custom:video-encoder-webm-vp8: eb34c28f22e8b96e1ab97ce403110664 -> 
========================================================================
Received Prepare
Assembly with name 'Leopotam.EcsLite' already exists (Assets/Packages/ECS/ecslite-master/Leopotam.EcsLite.asmdef)
Assembly with name 'Leopotam.EcsLite' already exists (Packages/com.leopotam.ecslite/Leopotam.EcsLite.asmdef)
Script 'Packages/com.affencode.leoecslite-zoo/Scripts/Globals/RegisterGlobal.cs' will not be compiled because it exists outside the Assets folder and does not to belong to any assembly definition file.
Script 'Packages/com.affencode.leoecslite-zoo/Scripts/Conversion/ConvertToEntity.cs' will not be compiled because it exists outside the Assets folder and does not to belong to any assembly definition file.
Script 'Packages/com.affencode.leoecslite-zoo/Scripts/Injection/LeoEcsLiteInjector.cs' will not be compiled because it exists outside the Assets folder and does not to belong to any assembly definition file.
Script 'Packages/com.affencode.leoecslite-zoo/Scripts/Injection/Inject.cs' will not be compiled because it exists outside the Assets folder and does not to belong to any assembly definition file.
Script 'Packages/com.affencode.leoecslite-zoo/Scripts/Globals/Globals.cs' will not be compiled because it exists outside the Assets folder and does not to belong to any assembly definition file.
Script 'Packages/com.affencode.leoecslite-zoo/Scripts/FeatureBased/FeaturedEcsStartup.cs' will not be compiled because it exists outside the Assets folder and does not to belong to any assembly definition file.
Script 'Packages/com.affencode.leoecslite-zoo/Scripts/EcsWorldProvider.cs' will not be compiled because it exists outside the Assets folder and does not to belong to any assembly definition file.
Script 'Packages/com.affencode.leoecslite-zoo/Scripts/FeatureBased/EcsFeature.cs' will not be compiled because it exists outside the Assets folder and does not to belong to any assembly definition file.
Script 'Packages/com.affencode.leoecslite-zoo/Scripts/Injection/GlobalMonoBehaviour.cs' will not be compiled because it exists outside the Assets folder and does not to belong to any assembly definition file.
Script 'Packages/com.affencode.leoecslite-zoo/Scripts/Conversion/IConvertToEntity.cs' will not be compiled because it exists outside the Assets folder and does not to belong to any assembly definition file.
Script 'Packages/com.affencode.leoecslite-zoo/Scripts/Extensions/EcsEx.cs' will not be compiled because it exists outside the Assets folder and does not to belong to any assembly definition file.
Script 'Packages/com.affencode.leoecslite-zoo/Scripts/OneFrame/OneFrameSystem.cs' will not be compiled because it exists outside the Assets folder and does not to belong to any assembly definition file.
Script 'Packages/com.affencode.leoecslite-zoo/Scripts/Extensions/UnityEx.cs' will not be compiled because it exists outside the Assets folder and does not to belong to any assembly definition file.
Script 'Packages/com.affencode.leoecslite-zoo/Scripts/Injection/InjectableMonoBehaviour.cs' will not be compiled because it exists outside the Assets folder and does not to belong to any assembly definition file.
Script 'Packages/com.affencode.leoecslite-zoo/Scripts/FeatureBased/SystemType.cs' will not be compiled because it exists outside the Assets folder and does not to belong to any assembly definition file.
Script 'Packages/com.affencode.leoecslite-zoo/Scripts/OneFrame/OneFrameEx.cs' will not be compiled because it exists outside the Assets folder and does not to belong to any assembly definition file.
Script 'Packages/com.affencode.leoecslite-zoo/Scripts/Conversion/ConvertComponent.cs' will not be compiled because it exists outside the Assets folder and does not to belong to any assembly definition file.
Script 'Packages/com.affencode.leoecslite-zoo/Scripts/Components.cs' will not be compiled because it exists outside the Assets folder and does not to belong to any assembly definition file.
Script 'Packages/com.affencode.leoecslite-zoo/Scripts/FeatureBased/FeatureEcsSystems.cs' will not be compiled because it exists outside the Assets folder and does not to belong to any assembly definition file.
Script 'Packages/com.affencode.leoecslite-zoo/Scripts/EcsStartup.cs' will not be compiled because it exists outside the Assets folder and does not to belong to any assembly definition file.
Script 'Packages/com.affencode.leoecslite-zoo/Scripts/Conversion/UnityObjectProvider.cs' will not be compiled because it exists outside the Assets folder and does not to belong to any assembly definition file.
Script 'Packages/com.affencode.leoecslite-zoo/Scripts/Conversion/ConversionEnums.cs' will not be compiled because it exists outside the Assets folder and does not to belong to any assembly definition file.
Assembly with name 'Leopotam.EcsLite' already exists (Assets/Packages/ECS/ecslite-master/Leopotam.EcsLite.asmdef)
Assembly with name 'Leopotam.EcsLite' already exists (Packages/com.leopotam.ecslite/Leopotam.EcsLite.asmdef)
Script 'Packages/com.affencode.leoecslite-zoo/Scripts/Globals/RegisterGlobal.cs' will not be compiled because it exists outside the Assets folder and does not to belong to any assembly definition file.
Script 'Packages/com.affencode.leoecslite-zoo/Scripts/Conversion/ConvertToEntity.cs' will not be compiled because it exists outside the Assets folder and does not to belong to any assembly definition file.
Script 'Packages/com.affencode.leoecslite-zoo/Scripts/Injection/LeoEcsLiteInjector.cs' will not be compiled because it exists outside the Assets folder and does not to belong to any assembly definition file.
Script 'Packages/com.affencode.leoecslite-zoo/Scripts/Injection/Inject.cs' will not be compiled because it exists outside the Assets folder and does not to belong to any assembly definition file.
Script 'Packages/com.affencode.leoecslite-zoo/Scripts/Globals/Globals.cs' will not be compiled because it exists outside the Assets folder and does not to belong to any assembly definition file.
Script 'Packages/com.affencode.leoecslite-zoo/Scripts/FeatureBased/FeaturedEcsStartup.cs' will not be compiled because it exists outside the Assets folder and does not to belong to any assembly definition file.
Script 'Packages/com.affencode.leoecslite-zoo/Scripts/EcsWorldProvider.cs' will not be compiled because it exists outside the Assets folder and does not to belong to any assembly definition file.
Script 'Packages/com.affencode.leoecslite-zoo/Scripts/FeatureBased/EcsFeature.cs' will not be compiled because it exists outside the Assets folder and does not to belong to any assembly definition file.
Script 'Packages/com.affencode.leoecslite-zoo/Scripts/Injection/GlobalMonoBehaviour.cs' will not be compiled because it exists outside the Assets folder and does not to belong to any assembly definition file.
Script 'Packages/com.affencode.leoecslite-zoo/Scripts/Conversion/IConvertToEntity.cs' will not be compiled because it exists outside the Assets folder and does not to belong to any assembly definition file.
Script 'Packages/com.affencode.leoecslite-zoo/Scripts/Extensions/EcsEx.cs' will not be compiled because it exists outside the Assets folder and does not to belong to any assembly definition file.
Script 'Packages/com.affencode.leoecslite-zoo/Scripts/OneFrame/OneFrameSystem.cs' will not be compiled because it exists outside the Assets folder and does not to belong to any assembly definition file.
Script 'Packages/com.affencode.leoecslite-zoo/Scripts/Extensions/UnityEx.cs' will not be compiled because it exists outside the Assets folder and does not to belong to any assembly definition file.
Script 'Packages/com.affencode.leoecslite-zoo/Scripts/Injection/InjectableMonoBehaviour.cs' will not be compiled because it exists outside the Assets folder and does not to belong to any assembly definition file.
Script 'Packages/com.affencode.leoecslite-zoo/Scripts/FeatureBased/SystemType.cs' will not be compiled because it exists outside the Assets folder and does not to belong to any assembly definition file.
Script 'Packages/com.affencode.leoecslite-zoo/Scripts/OneFrame/OneFrameEx.cs' will not be compiled because it exists outside the Assets folder and does not to belong to any assembly definition file.
Script 'Packages/com.affencode.leoecslite-zoo/Scripts/Conversion/ConvertComponent.cs' will not be compiled because it exists outside the Assets folder and does not to belong to any assembly definition file.
Script 'Packages/com.affencode.leoecslite-zoo/Scripts/Components.cs' will not be compiled because it exists outside the Assets folder and does not to belong to any assembly definition file.
Script 'Packages/com.affencode.leoecslite-zoo/Scripts/FeatureBased/FeatureEcsSystems.cs' will not be compiled because it exists outside the Assets folder and does not to belong to any assembly definition file.
Script 'Packages/com.affencode.leoecslite-zoo/Scripts/EcsStartup.cs' will not be compiled because it exists outside the Assets folder and does not to belong to any assembly definition file.
Script 'Packages/com.affencode.leoecslite-zoo/Scripts/Conversion/UnityObjectProvider.cs' will not be compiled because it exists outside the Assets folder and does not to belong to any assembly definition file.
Script 'Packages/com.affencode.leoecslite-zoo/Scripts/Conversion/ConversionEnums.cs' will not be compiled because it exists outside the Assets folder and does not to belong to any assembly definition file.
Begin MonoManager ReloadAssembly
Symbol file LoadedFromMemory doesn't match image D:\games\DemoLeoFSM\DemoLeoFSM\Library\PackageCache\com.unity.visualscripting@1.8.0\Editor\VisualScripting.Core\Dependencies\YamlDotNet\Unity.VisualScripting.YamlDotNet.dll
Symbol file LoadedFromMemory doesn't match image D:\games\DemoLeoFSM\DemoLeoFSM\Library\PackageCache\com.unity.visualscripting@1.8.0\Editor\VisualScripting.Core\Dependencies\DotNetZip\Unity.VisualScripting.IonicZip.dll
- Loaded All Assemblies, in  7.920 seconds
Refreshing native plugins compatible for Editor in 10.49 ms, found 4 plugins.
Native extension for WindowsStandalone target not found
Native extension for iOS target not found
Native extension for Android target not found
Assembly with name 'Leopotam.EcsLite' already exists (Assets/Packages/ECS/ecslite-master/Leopotam.EcsLite.asmdef)
Assembly with name 'Leopotam.EcsLite' already exists (Packages/com.leopotam.ecslite/Leopotam.EcsLite.asmdef)
Script 'Packages/com.affencode.leoecslite-zoo/Scripts/Globals/RegisterGlobal.cs' will not be compiled because it exists outside the Assets folder and does not to belong to any assembly definition file.
Script 'Packages/com.affencode.leoecslite-zoo/Scripts/Conversion/ConvertToEntity.cs' will not be compiled because it exists outside the Assets folder and does not to belong to any assembly definition file.
Script 'Packages/com.affencode.leoecslite-zoo/Scripts/Injection/LeoEcsLiteInjector.cs' will not be compiled because it exists outside the Assets folder and does not to belong to any assembly definition file.
Script 'Packages/com.affencode.leoecslite-zoo/Scripts/Injection/Inject.cs' will not be compiled because it exists outside the Assets folder and does not to belong to any assembly definition file.
Script 'Packages/com.affencode.leoecslite-zoo/Scripts/Globals/Globals.cs' will not be compiled because it exists outside the Assets folder and does not to belong to any assembly definition file.
Script 'Packages/com.affencode.leoecslite-zoo/Scripts/FeatureBased/FeaturedEcsStartup.cs' will not be compiled because it exists outside the Assets folder and does not to belong to any assembly definition file.
Script 'Packages/com.affencode.leoecslite-zoo/Scripts/EcsWorldProvider.cs' will not be compiled because it exists outside the Assets folder and does not to belong to any assembly definition file.
Script 'Packages/com.affencode.leoecslite-zoo/Scripts/FeatureBased/EcsFeature.cs' will not be compiled because it exists outside the Assets folder and does not to belong to any assembly definition file.
Script 'Packages/com.affencode.leoecslite-zoo/Scripts/Injection/GlobalMonoBehaviour.cs' will not be compiled because it exists outside the Assets folder and does not to belong to any assembly definition file.
Script 'Packages/com.affencode.leoecslite-zoo/Scripts/Conversion/IConvertToEntity.cs' will not be compiled because it exists outside the Assets folder and does not to belong to any assembly definition file.
Script 'Packages/com.affencode.leoecslite-zoo/Scripts/Extensions/EcsEx.cs' will not be compiled because it exists outside the Assets folder and does not to belong to any assembly definition file.
Script 'Packages/com.affencode.leoecslite-zoo/Scripts/OneFrame/OneFrameSystem.cs' will not be compiled because it exists outside the Assets folder and does not to belong to any assembly definition file.
Script 'Packages/com.affencode.leoecslite-zoo/Scripts/Extensions/UnityEx.cs' will not be compiled because it exists outside the Assets folder and does not to belong to any assembly definition file.
Script 'Packages/com.affencode.leoecslite-zoo/Scripts/Injection/InjectableMonoBehaviour.cs' will not be compiled because it exists outside the Assets folder and does not to belong to any assembly definition file.
Script 'Packages/com.affencode.leoecslite-zoo/Scripts/FeatureBased/SystemType.cs' will not be compiled because it exists outside the Assets folder and does not to belong to any assembly definition file.
Script 'Packages/com.affencode.leoecslite-zoo/Scripts/OneFrame/OneFrameEx.cs' will not be compiled because it exists outside the Assets folder and does not to belong to any assembly definition file.
Script 'Packages/com.affencode.leoecslite-zoo/Scripts/Conversion/ConvertComponent.cs' will not be compiled because it exists outside the Assets folder and does not to belong to any assembly definition file.
Script 'Packages/com.affencode.leoecslite-zoo/Scripts/Components.cs' will not be compiled because it exists outside the Assets folder and does not to belong to any assembly definition file.
Script 'Packages/com.affencode.leoecslite-zoo/Scripts/FeatureBased/FeatureEcsSystems.cs' will not be compiled because it exists outside the Assets folder and does not to belong to any assembly definition file.
Script 'Packages/com.affencode.leoecslite-zoo/Scripts/EcsStartup.cs' will not be compiled because it exists outside the Assets folder and does not to belong to any assembly definition file.
Script 'Packages/com.affencode.leoecslite-zoo/Scripts/Conversion/UnityObjectProvider.cs' will not be compiled because it exists outside the Assets folder and does not to belong to any assembly definition file.
Script 'Packages/com.affencode.leoecslite-zoo/Scripts/Conversion/ConversionEnums.cs' will not be compiled because it exists outside the Assets folder and does not to belong to any assembly definition file.
[Package Manager] Server::EnsureServerProcessIsRunning -- launch failed, reason: Unity was launched with the -noUpm command-line argument
[Package Manager] UpmClient::Send -- Unable to send message (not connected to UPM process).
[Package Manager] Cannot connect to Unity Package Manager local server
Mono: successfully reloaded assembly
- Finished resetting the current domain, in  4.089 seconds
Domain Reload Profiling: 12013ms
	BeginReloadAssembly (2346ms)
		ExecutionOrderSort (1ms)
		DisableScriptedObjects (262ms)
		BackupInstance (0ms)
		ReleaseScriptingObjects (11ms)
		CreateAndSetChildDomain (1054ms)
	RebuildCommonClasses (91ms)
	RebuildNativeTypeToScriptingClass (26ms)
	initialDomainReloadingComplete (81ms)
	LoadAllAssembliesAndSetupDomain (5379ms)
		LoadAssemblies (3545ms)
		RebuildTransferFunctionScriptingTraits (0ms)
		AnalyzeDomain (2019ms)
			TypeCache.Refresh (1839ms)
				TypeCache.ScanAssembly (1102ms)
			ScanForSourceGeneratedMonoScriptInfo (130ms)
			ResolveRequiredComponents (49ms)
	FinalizeReload (4090ms)
		ReleaseScriptCaches (0ms)
		RebuildScriptCaches (0ms)
		SetupLoadedEditorAssemblies (1287ms)
			LogAssemblyErrors (0ms)
			InitializePlatformSupportModulesInManaged (71ms)
			SetLoadedEditorAssemblies (9ms)
			RefreshPlugins (0ms)
			BeforeProcessingInitializeOnLoad (295ms)
			ProcessInitializeOnLoadAttributes (759ms)
			ProcessInitializeOnLoadMethodAttributes (146ms)
			AfterProcessingInitializeOnLoad (7ms)
			EditorAssembliesLoaded (0ms)
		ExecutionOrderSort2 (0ms)
		AwakeInstancesAfterBackupRestoration (36ms)
Refreshing native plugins compatible for Editor in 11.15 ms, found 4 plugins.
Preloading 0 native plugins for Editor in 0.00 ms.
Unloading 7211 Unused Serialized files (Serialized files now loaded: 0)
Unloading 64 unused Assets / (0.6 MB). Loaded Objects now: 8035.
Memory consumption went from 241.6 MB to 241.0 MB.
Total: 11.885200 ms (FindLiveObjects: 0.790200 ms CreateObjectMapping: 0.531300 ms MarkObjects: 10.061500 ms  DeleteObjects: 0.500700 ms)

Prepare: number of updated asset objects reloaded= 0
AssetImportParameters requested are different than current active one (requested -> active):
  custom:container-demuxer-ogg: 62fdf1f143b41e24485cea50d1cbac27 -> 
  custom:framework-win-MediaFoundation: 216162199b28c13a410421893ffa2e32 -> 
  custom:container-muxer-webm: aa71ff27fc2769a1b78a27578f13a17b -> 
  custom:video-decoder-webm-vp8: 9c59270c3fd7afecdb556c50c9e8de78 -> 
  custom:AudioImporter_EditorPlatform: d09bf68614088b80899f8185d706f6e7 -> 
  custom:audio-decoder-ogg-vorbis: bf7c407c2cedff20999df2af8eb42d56 -> 
  custom:audio-encoder-webm-vorbis: bf7c407c2cedff20999df2af8eb42d56 -> 
  custom:video-decoder-ogg-theora: a1e56fd34408186e4bbccfd4996cb3dc -> 
  custom:container-demuxer-webm: 4f35f7cbe854078d1ac9338744f61a02 -> 
  custom:video-encoder-webm-vp8: eb34c28f22e8b96e1ab97ce403110664 -> 
========================================================================
Received Prepare
Assembly with name 'Leopotam.EcsLite' already exists (Assets/Packages/ECS/ecslite-master/Leopotam.EcsLite.asmdef)
Assembly with name 'Leopotam.EcsLite' already exists (Packages/com.leopotam.ecslite/Leopotam.EcsLite.asmdef)
Assembly with name 'LeoEcsLiteEntityConverter' already exists (Packages/com.anbi.leoecslite.entityconverter/LeoEcsLiteEntityConverter.asmdef)
Assembly with name 'LeoEcsLiteEntityConverter' already exists (Assets/Packages/ECS/LeoEcsLiteEntityConverter-master/LeoEcsLiteEntityConverter.asmdef)
Script 'Packages/com.affencode.leoecslite-zoo/Scripts/Globals/RegisterGlobal.cs' will not be compiled because it exists outside the Assets folder and does not to belong to any assembly definition file.
Script 'Packages/com.affencode.leoecslite-zoo/Scripts/Conversion/ConvertToEntity.cs' will not be compiled because it exists outside the Assets folder and does not to belong to any assembly definition file.
Script 'Packages/com.affencode.leoecslite-zoo/Scripts/Injection/LeoEcsLiteInjector.cs' will not be compiled because it exists outside the Assets folder and does not to belong to any assembly definition file.
Script 'Packages/com.affencode.leoecslite-zoo/Scripts/Injection/Inject.cs' will not be compiled because it exists outside the Assets folder and does not to belong to any assembly definition file.
Script 'Packages/com.affencode.leoecslite-zoo/Scripts/Globals/Globals.cs' will not be compiled because it exists outside the Assets folder and does not to belong to any assembly definition file.
Script 'Packages/com.affencode.leoecslite-zoo/Scripts/FeatureBased/FeaturedEcsStartup.cs' will not be compiled because it exists outside the Assets folder and does not to belong to any assembly definition file.
Script 'Packages/com.affencode.leoecslite-zoo/Scripts/EcsWorldProvider.cs' will not be compiled because it exists outside the Assets folder and does not to belong to any assembly definition file.
Script 'Packages/com.affencode.leoecslite-zoo/Scripts/FeatureBased/EcsFeature.cs' will not be compiled because it exists outside the Assets folder and does not to belong to any assembly definition file.
Script 'Packages/com.affencode.leoecslite-zoo/Scripts/Injection/GlobalMonoBehaviour.cs' will not be compiled because it exists outside the Assets folder and does not to belong to any assembly definition file.
Script 'Packages/com.anbi.leoecslite.entityconverter/src/Extensions.cs' will not be compiled because it exists outside the Assets folder and does not to belong to any assembly definition file.
Script 'Packages/com.affencode.leoecslite-zoo/Scripts/Conversion/IConvertToEntity.cs' will not be compiled because it exists outside the Assets folder and does not to belong to any assembly definition file.
Script 'Packages/com.anbi.leoecslite.entityconverter/src/ComponentsContainer.cs' will not be compiled because it exists outside the Assets folder and does not to belong to any assembly definition file.
Script 'Packages/com.affencode.leoecslite-zoo/Scripts/Extensions/EcsEx.cs' will not be compiled because it exists outside the Assets folder and does not to belong to any assembly definition file.
Script 'Packages/com.affencode.leoecslite-zoo/Scripts/OneFrame/OneFrameSystem.cs' will not be compiled because it exists outside the Assets folder and does not to belong to any assembly definition file.
Script 'Packages/com.affencode.leoecslite-zoo/Scripts/Extensions/UnityEx.cs' will not be compiled because it exists outside the Assets folder and does not to belong to any assembly definition file.
Script 'Packages/com.affencode.leoecslite-zoo/Scripts/Injection/InjectableMonoBehaviour.cs' will not be compiled because it exists outside the Assets folder and does not to belong to any assembly definition file.
Script 'Packages/com.affencode.leoecslite-zoo/Scripts/FeatureBased/SystemType.cs' will not be compiled because it exists outside the Assets folder and does not to belong to any assembly definition file.
Script 'Packages/com.affencode.leoecslite-zoo/Scripts/OneFrame/OneFrameEx.cs' will not be compiled because it exists outside the Assets folder and does not to belong to any assembly definition file.
Script 'Packages/com.affencode.leoecslite-zoo/Scripts/Conversion/ConvertComponent.cs' will not be compiled because it exists outside the Assets folder and does not to belong to any assembly definition file.
Script 'Packages/com.affencode.leoecslite-zoo/Scripts/Components.cs' will not be compiled because it exists outside the Assets folder and does not to belong to any assembly definition file.
Script 'Packages/com.affencode.leoecslite-zoo/Scripts/FeatureBased/FeatureEcsSystems.cs' will not be compiled because it exists outside the Assets folder and does not to belong to any assembly definition file.
Script 'Packages/com.anbi.leoecslite.entityconverter/src/ComponentConverter.cs' will not be compiled because it exists outside the Assets folder and does not to belong to any assembly definition file.
Script 'Packages/com.anbi.leoecslite.entityconverter/src/BaseConverter.cs' will not be compiled because it exists outside the Assets folder and does not to belong to any assembly definition file.
Script 'Packages/com.anbi.leoecslite.entityconverter/src/EcsConverter.cs' will not be compiled because it exists outside the Assets folder and does not to belong to any assembly definition file.
Script 'Packages/com.affencode.leoecslite-zoo/Scripts/EcsStartup.cs' will not be compiled because it exists outside the Assets folder and does not to belong to any assembly definition file.
Script 'Packages/com.affencode.leoecslite-zoo/Scripts/Conversion/UnityObjectProvider.cs' will not be compiled because it exists outside the Assets folder and does not to belong to any assembly definition file.
Script 'Packages/com.affencode.leoecslite-zoo/Scripts/Conversion/ConversionEnums.cs' will not be compiled because it exists outside the Assets folder and does not to belong to any assembly definition file.
Assembly with name 'Leopotam.EcsLite' already exists (Assets/Packages/ECS/ecslite-master/Leopotam.EcsLite.asmdef)
Assembly with name 'Leopotam.EcsLite' already exists (Packages/com.leopotam.ecslite/Leopotam.EcsLite.asmdef)
Assembly with name 'LeoEcsLiteEntityConverter' already exists (Packages/com.anbi.leoecslite.entityconverter/LeoEcsLiteEntityConverter.asmdef)
Assembly with name 'LeoEcsLiteEntityConverter' already exists (Assets/Packages/ECS/LeoEcsLiteEntityConverter-master/LeoEcsLiteEntityConverter.asmdef)
Script 'Packages/com.affencode.leoecslite-zoo/Scripts/Globals/RegisterGlobal.cs' will not be compiled because it exists outside the Assets folder and does not to belong to any assembly definition file.
Script 'Packages/com.affencode.leoecslite-zoo/Scripts/Conversion/ConvertToEntity.cs' will not be compiled because it exists outside the Assets folder and does not to belong to any assembly definition file.
Script 'Packages/com.affencode.leoecslite-zoo/Scripts/Injection/LeoEcsLiteInjector.cs' will not be compiled because it exists outside the Assets folder and does not to belong to any assembly definition file.
Script 'Packages/com.affencode.leoecslite-zoo/Scripts/Injection/Inject.cs' will not be compiled because it exists outside the Assets folder and does not to belong to any assembly definition file.
Script 'Packages/com.affencode.leoecslite-zoo/Scripts/Globals/Globals.cs' will not be compiled because it exists outside the Assets folder and does not to belong to any assembly definition file.
Script 'Packages/com.affencode.leoecslite-zoo/Scripts/FeatureBased/FeaturedEcsStartup.cs' will not be compiled because it exists outside the Assets folder and does not to belong to any assembly definition file.
Script 'Packages/com.affencode.leoecslite-zoo/Scripts/EcsWorldProvider.cs' will not be compiled because it exists outside the Assets folder and does not to belong to any assembly definition file.
Script 'Packages/com.affencode.leoecslite-zoo/Scripts/FeatureBased/EcsFeature.cs' will not be compiled because it exists outside the Assets folder and does not to belong to any assembly definition file.
Script 'Packages/com.affencode.leoecslite-zoo/Scripts/Injection/GlobalMonoBehaviour.cs' will not be compiled because it exists outside the Assets folder and does not to belong to any assembly definition file.
Script 'Packages/com.anbi.leoecslite.entityconverter/src/Extensions.cs' will not be compiled because it exists outside the Assets folder and does not to belong to any assembly definition file.
Script 'Packages/com.affencode.leoecslite-zoo/Scripts/Conversion/IConvertToEntity.cs' will not be compiled because it exists outside the Assets folder and does not to belong to any assembly definition file.
Script 'Packages/com.anbi.leoecslite.entityconverter/src/ComponentsContainer.cs' will not be compiled because it exists outside the Assets folder and does not to belong to any assembly definition file.
Script 'Packages/com.affencode.leoecslite-zoo/Scripts/Extensions/EcsEx.cs' will not be compiled because it exists outside the Assets folder and does not to belong to any assembly definition file.
Script 'Packages/com.affencode.leoecslite-zoo/Scripts/OneFrame/OneFrameSystem.cs' will not be compiled because it exists outside the Assets folder and does not to belong to any assembly definition file.
Script 'Packages/com.affencode.leoecslite-zoo/Scripts/Extensions/UnityEx.cs' will not be compiled because it exists outside the Assets folder and does not to belong to any assembly definition file.
Script 'Packages/com.affencode.leoecslite-zoo/Scripts/Injection/InjectableMonoBehaviour.cs' will not be compiled because it exists outside the Assets folder and does not to belong to any assembly definition file.
Script 'Packages/com.affencode.leoecslite-zoo/Scripts/FeatureBased/SystemType.cs' will not be compiled because it exists outside the Assets folder and does not to belong to any assembly definition file.
Script 'Packages/com.affencode.leoecslite-zoo/Scripts/OneFrame/OneFrameEx.cs' will not be compiled because it exists outside the Assets folder and does not to belong to any assembly definition file.
Script 'Packages/com.affencode.leoecslite-zoo/Scripts/Conversion/ConvertComponent.cs' will not be compiled because it exists outside the Assets folder and does not to belong to any assembly definition file.
Script 'Packages/com.affencode.leoecslite-zoo/Scripts/Components.cs' will not be compiled because it exists outside the Assets folder and does not to belong to any assembly definition file.
Script 'Packages/com.affencode.leoecslite-zoo/Scripts/FeatureBased/FeatureEcsSystems.cs' will not be compiled because it exists outside the Assets folder and does not to belong to any assembly definition file.
Script 'Packages/com.anbi.leoecslite.entityconverter/src/ComponentConverter.cs' will not be compiled because it exists outside the Assets folder and does not to belong to any assembly definition file.
Script 'Packages/com.anbi.leoecslite.entityconverter/src/BaseConverter.cs' will not be compiled because it exists outside the Assets folder and does not to belong to any assembly definition file.
Script 'Packages/com.anbi.leoecslite.entityconverter/src/EcsConverter.cs' will not be compiled because it exists outside the Assets folder and does not to belong to any assembly definition file.
Script 'Packages/com.affencode.leoecslite-zoo/Scripts/EcsStartup.cs' will not be compiled because it exists outside the Assets folder and does not to belong to any assembly definition file.
Script 'Packages/com.affencode.leoecslite-zoo/Scripts/Conversion/UnityObjectProvider.cs' will not be compiled because it exists outside the Assets folder and does not to belong to any assembly definition file.
Script 'Packages/com.affencode.leoecslite-zoo/Scripts/Conversion/ConversionEnums.cs' will not be compiled because it exists outside the Assets folder and does not to belong to any assembly definition file.
Begin MonoManager ReloadAssembly
Symbol file LoadedFromMemory doesn't match image D:\games\DemoLeoFSM\DemoLeoFSM\Library\PackageCache\com.unity.visualscripting@1.8.0\Editor\VisualScripting.Core\Dependencies\YamlDotNet\Unity.VisualScripting.YamlDotNet.dll
Symbol file LoadedFromMemory doesn't match image D:\games\DemoLeoFSM\DemoLeoFSM\Library\PackageCache\com.unity.visualscripting@1.8.0\Editor\VisualScripting.Core\Dependencies\DotNetZip\Unity.VisualScripting.IonicZip.dll
- Loaded All Assemblies, in  9.770 seconds
Refreshing native plugins compatible for Editor in 16.37 ms, found 4 plugins.
Native extension for WindowsStandalone target not found
Native extension for iOS target not found
Native extension for Android target not found
Assembly with name 'Leopotam.EcsLite' already exists (Assets/Packages/ECS/ecslite-master/Leopotam.EcsLite.asmdef)
Assembly with name 'Leopotam.EcsLite' already exists (Packages/com.leopotam.ecslite/Leopotam.EcsLite.asmdef)
Assembly with name 'LeoEcsLiteEntityConverter' already exists (Packages/com.anbi.leoecslite.entityconverter/LeoEcsLiteEntityConverter.asmdef)
Assembly with name 'LeoEcsLiteEntityConverter' already exists (Assets/Packages/ECS/LeoEcsLiteEntityConverter-master/LeoEcsLiteEntityConverter.asmdef)
Script 'Packages/com.affencode.leoecslite-zoo/Scripts/Globals/RegisterGlobal.cs' will not be compiled because it exists outside the Assets folder and does not to belong to any assembly definition file.
Script 'Packages/com.affencode.leoecslite-zoo/Scripts/Conversion/ConvertToEntity.cs' will not be compiled because it exists outside the Assets folder and does not to belong to any assembly definition file.
Script 'Packages/com.affencode.leoecslite-zoo/Scripts/Injection/LeoEcsLiteInjector.cs' will not be compiled because it exists outside the Assets folder and does not to belong to any assembly definition file.
Script 'Packages/com.affencode.leoecslite-zoo/Scripts/Injection/Inject.cs' will not be compiled because it exists outside the Assets folder and does not to belong to any assembly definition file.
Script 'Packages/com.affencode.leoecslite-zoo/Scripts/Globals/Globals.cs' will not be compiled because it exists outside the Assets folder and does not to belong to any assembly definition file.
Script 'Packages/com.affencode.leoecslite-zoo/Scripts/FeatureBased/FeaturedEcsStartup.cs' will not be compiled because it exists outside the Assets folder and does not to belong to any assembly definition file.
Script 'Packages/com.affencode.leoecslite-zoo/Scripts/EcsWorldProvider.cs' will not be compiled because it exists outside the Assets folder and does not to belong to any assembly definition file.
Script 'Packages/com.affencode.leoecslite-zoo/Scripts/FeatureBased/EcsFeature.cs' will not be compiled because it exists outside the Assets folder and does not to belong to any assembly definition file.
Script 'Packages/com.affencode.leoecslite-zoo/Scripts/Injection/GlobalMonoBehaviour.cs' will not be compiled because it exists outside the Assets folder and does not to belong to any assembly definition file.
Script 'Packages/com.anbi.leoecslite.entityconverter/src/Extensions.cs' will not be compiled because it exists outside the Assets folder and does not to belong to any assembly definition file.
Script 'Packages/com.affencode.leoecslite-zoo/Scripts/Conversion/IConvertToEntity.cs' will not be compiled because it exists outside the Assets folder and does not to belong to any assembly definition file.
Script 'Packages/com.anbi.leoecslite.entityconverter/src/ComponentsContainer.cs' will not be compiled because it exists outside the Assets folder and does not to belong to any assembly definition file.
Script 'Packages/com.affencode.leoecslite-zoo/Scripts/Extensions/EcsEx.cs' will not be compiled because it exists outside the Assets folder and does not to belong to any assembly definition file.
Script 'Packages/com.affencode.leoecslite-zoo/Scripts/OneFrame/OneFrameSystem.cs' will not be compiled because it exists outside the Assets folder and does not to belong to any assembly definition file.
Script 'Packages/com.affencode.leoecslite-zoo/Scripts/Extensions/UnityEx.cs' will not be compiled because it exists outside the Assets folder and does not to belong to any assembly definition file.
Script 'Packages/com.affencode.leoecslite-zoo/Scripts/Injection/InjectableMonoBehaviour.cs' will not be compiled because it exists outside the Assets folder and does not to belong to any assembly definition file.
Script 'Packages/com.affencode.leoecslite-zoo/Scripts/FeatureBased/SystemType.cs' will not be compiled because it exists outside the Assets folder and does not to belong to any assembly definition file.
Script 'Packages/com.affencode.leoecslite-zoo/Scripts/OneFrame/OneFrameEx.cs' will not be compiled because it exists outside the Assets folder and does not to belong to any assembly definition file.
Script 'Packages/com.affencode.leoecslite-zoo/Scripts/Conversion/ConvertComponent.cs' will not be compiled because it exists outside the Assets folder and does not to belong to any assembly definition file.
Script 'Packages/com.affencode.leoecslite-zoo/Scripts/Components.cs' will not be compiled because it exists outside the Assets folder and does not to belong to any assembly definition file.
Script 'Packages/com.affencode.leoecslite-zoo/Scripts/FeatureBased/FeatureEcsSystems.cs' will not be compiled because it exists outside the Assets folder and does not to belong to any assembly definition file.
Script 'Packages/com.anbi.leoecslite.entityconverter/src/ComponentConverter.cs' will not be compiled because it exists outside the Assets folder and does not to belong to any assembly definition file.
Script 'Packages/com.anbi.leoecslite.entityconverter/src/BaseConverter.cs' will not be compiled because it exists outside the Assets folder and does not to belong to any assembly definition file.
Script 'Packages/com.anbi.leoecslite.entityconverter/src/EcsConverter.cs' will not be compiled because it exists outside the Assets folder and does not to belong to any assembly definition file.
Script 'Packages/com.affencode.leoecslite-zoo/Scripts/EcsStartup.cs' will not be compiled because it exists outside the Assets folder and does not to belong to any assembly definition file.
Script 'Packages/com.affencode.leoecslite-zoo/Scripts/Conversion/UnityObjectProvider.cs' will not be compiled because it exists outside the Assets folder and does not to belong to any assembly definition file.
Script 'Packages/com.affencode.leoecslite-zoo/Scripts/Conversion/ConversionEnums.cs' will not be compiled because it exists outside the Assets folder and does not to belong to any assembly definition file.
[Package Manager] Server::EnsureServerProcessIsRunning -- launch failed, reason: Unity was launched with the -noUpm command-line argument
[Package Manager] UpmClient::Send -- Unable to send message (not connected to UPM process).
[Package Manager] Cannot connect to Unity Package Manager local server
Mono: successfully reloaded assembly
- Finished resetting the current domain, in  7.238 seconds
Domain Reload Profiling: 17014ms
	BeginReloadAssembly (2564ms)
		ExecutionOrderSort (0ms)
		DisableScriptedObjects (303ms)
		BackupInstance (0ms)
		ReleaseScriptingObjects (4ms)
		CreateAndSetChildDomain (1479ms)
	RebuildCommonClasses (89ms)
	RebuildNativeTypeToScriptingClass (41ms)
	initialDomainReloadingComplete (135ms)
	LoadAllAssembliesAndSetupDomain (6945ms)
		LoadAssemblies (3988ms)
		RebuildTransferFunctionScriptingTraits (0ms)
		AnalyzeDomain (3086ms)
			TypeCache.Refresh (2955ms)
				TypeCache.ScanAssembly (1781ms)
			ScanForSourceGeneratedMonoScriptInfo (78ms)
			ResolveRequiredComponents (52ms)
	FinalizeReload (7240ms)
		ReleaseScriptCaches (0ms)
		RebuildScriptCaches (0ms)
		SetupLoadedEditorAssemblies (1611ms)
			LogAssemblyErrors (0ms)
			InitializePlatformSupportModulesInManaged (103ms)
			SetLoadedEditorAssemblies (14ms)
			RefreshPlugins (0ms)
			BeforeProcessingInitializeOnLoad (314ms)
			ProcessInitializeOnLoadAttributes (952ms)
			ProcessInitializeOnLoadMethodAttributes (219ms)
			AfterProcessingInitializeOnLoad (8ms)
			EditorAssembliesLoaded (1ms)
		ExecutionOrderSort2 (0ms)
		AwakeInstancesAfterBackupRestoration (50ms)
Refreshing native plugins compatible for Editor in 16.92 ms, found 4 plugins.
Preloading 0 native plugins for Editor in 0.00 ms.
Unloading 7216 Unused Serialized files (Serialized files now loaded: 0)
Unloading 64 unused Assets / (0.6 MB). Loaded Objects now: 8056.
Memory consumption went from 241.7 MB to 241.1 MB.
Total: 11.311600 ms (FindLiveObjects: 0.886100 ms CreateObjectMapping: 0.458600 ms MarkObjects: 9.479000 ms  DeleteObjects: 0.486100 ms)

Prepare: number of updated asset objects reloaded= 1
AssetImportParameters requested are different than current active one (requested -> active):
  custom:container-demuxer-ogg: 62fdf1f143b41e24485cea50d1cbac27 -> 
  custom:framework-win-MediaFoundation: 216162199b28c13a410421893ffa2e32 -> 
  custom:container-muxer-webm: aa71ff27fc2769a1b78a27578f13a17b -> 
  custom:video-decoder-webm-vp8: 9c59270c3fd7afecdb556c50c9e8de78 -> 
  custom:AudioImporter_EditorPlatform: d09bf68614088b80899f8185d706f6e7 -> 
  custom:audio-decoder-ogg-vorbis: bf7c407c2cedff20999df2af8eb42d56 -> 
  custom:audio-encoder-webm-vorbis: bf7c407c2cedff20999df2af8eb42d56 -> 
  custom:video-decoder-ogg-theora: a1e56fd34408186e4bbccfd4996cb3dc -> 
  custom:container-demuxer-webm: 4f35f7cbe854078d1ac9338744f61a02 -> 
  custom:video-encoder-webm-vp8: eb34c28f22e8b96e1ab97ce403110664 -> 
